#
# A fatal error has been detected by the Java Runtime Environment:
#
#  EXCEPTION_ACCESS_VIOLATION (0xc0000005) at pc=0x00007ff80bfbe4b0, pid=13276, tid=18880
#
# JRE version: OpenJDK Runtime Environment Corretto-11.0.10.9.1 (11.0.10+9) (build 11.0.10+9-LTS)
# Java VM: OpenJDK 64-Bit Server VM Corretto-11.0.10.9.1 (11.0.10+9-LTS, mixed mode, tiered, compressed oops, g1 gc, windows-amd64)
# Problematic frame:
# C  [nvoglv64.dll+0x113e4b0]
#
# No core dump will be written. Minidumps are not enabled by default on client versions of Windows
#
# If you would like to submit a bug report, please visit:
#   https://github.com/corretto/corretto-11/issues/
# The crash happened outside the Java Virtual Machine in native code.
# See problematic frame for where to report the bug.
#

---------------  S U M M A R Y ------------

Command Line: -Dfile.encoding=windows-1252 -Duser.country=ID -Duser.language=en -Duser.variant Main

Host: Intel(R) Core(TM) i5-2400 CPU @ 3.10GHz, 4 cores, 15G,  Windows 10 , 64 bit Build 19041 (10.0.19041.804)
Time: Fri Mar 26 22:32:03 2021 SE Asia Standard Time elapsed time: 1.681677 seconds (0d 0h 0m 1s)

---------------  T H R E A D  ---------------

Current thread (0x0000027ca4ceb800):  JavaThread "main" [_thread_in_native, id=18880, stack(0x000000a8b5e00000,0x000000a8b5f00000)]

Stack: [0x000000a8b5e00000,0x000000a8b5f00000],  sp=0x000000a8b5efecf8,  free space=1019k
Native frames: (J=compiled Java code, j=interpreted, Vv=VM code, C=native code)
C  [nvoglv64.dll+0x113e4b0]

Java frames: (J=compiled Java code, j=interpreted, Vv=VM code)
j  org.lwjgl.opengl.GL11C.glDrawArrays(III)V+0
j  org.lwjgl.opengl.GL11.glDrawArrays(III)V+3
j  Utils.Debug.draw()V+254
j  Core.Window.update()V+55
j  Core.Window.run()V+10
j  Main.main([Ljava/lang/String;)V+5
v  ~StubRoutines::call_stub

siginfo: EXCEPTION_ACCESS_VIOLATION (0xc0000005), reading address 0x0000000000000000


Register to memory mapping:

RIP=0x00007ff80bfbe4b0 nvoglv64.dll
RAX=0x00000000000000c0 is an unknown value
RBX=0x0000000000000280 is an unknown value
RCX=0x0000027cc93519c4 points into unknown readable memory: 00 00 00 00
RDX=0xfffffd8336cae63c is an unknown value
RSP=0x000000a8b5efecf8 is pointing into the stack for thread: 0x0000027ca4ceb800
RBP=0x0000000000000003 is an unknown value
RSI=0x000000000000000c is an unknown value
RDI=0x0000027cc93519c4 points into unknown readable memory: 00 00 00 00
R8 =0x00000000000000c0 is an unknown value
R9 =0x000000000000000c is an unknown value
R10=0x0 is NULL
R11=0x0000027cc93519c4 points into unknown readable memory: 00 00 00 00
R12=0x0 is NULL
R13=0x00007ff80ae80000 nvoglv64.dll
R14=0x0 is NULL
R15=0x0000027cca4469b8 points into unknown readable memory: 0x0000000900000004 | 04 00 00 00 09 00 00 00


Registers:
RAX=0x00000000000000c0, RBX=0x0000000000000280, RCX=0x0000027cc93519c4, RDX=0xfffffd8336cae63c
RSP=0x000000a8b5efecf8, RBP=0x0000000000000003, RSI=0x000000000000000c, RDI=0x0000027cc93519c4
R8 =0x00000000000000c0, R9 =0x000000000000000c, R10=0x0000000000000000, R11=0x0000027cc93519c4
R12=0x0000000000000000, R13=0x00007ff80ae80000, R14=0x0000000000000000, R15=0x0000027cca4469b8
RIP=0x00007ff80bfbe4b0, EFLAGS=0x0000000000010246

Top of Stack: (sp=0x000000a8b5efecf8)
0x000000a8b5efecf8:   00007ff80b9f8e0c 0000027ccff7f560
0x000000a8b5efed08:   0000027ca4ceb800 000000a8b5eff360
0x000000a8b5efed18:   00007ff80b8686ab 0000000000000000
0x000000a8b5efed28:   0000000000000000 0000000000000000
0x000000a8b5efed38:   00000000000c810b 0000027cca4469b8
0x000000a8b5efed48:   00007ff80b9f9d1b 0000027cca43f080
0x000000a8b5efed58:   0000000000000001 000000000000000c
0x000000a8b5efed68:   0000027cad3ef140 0000027ca4ceb800
0x000000a8b5efed78:   000000a8b5efee58 0000027ccff7f560
0x000000a8b5efed88:   0000000000000000 0000027cad3ea127
0x000000a8b5efed98:   0000027cad3ef2f7 0000027ccff7f568
0x000000a8b5efeda8:   000000a8b5efee28 0000027ccf31de70
0x000000a8b5efedb8:   0000027ccff7f568 000000a80000000c
0x000000a8b5efedc8:   0000027ccf31de70 0000027ccf31de70
0x000000a8b5efedd8:   0000027cad3eef96 000000a8b5efede0
0x000000a8b5efede8:   0000027ccff7f560 000000a8b5efee58 

Instructions: (pc=0x00007ff80bfbe4b0)
0x00007ff80bfbe3b0:   b7 0a 44 0f b6 42 02 66 89 08 44 88 40 02 c3 0f
0x00007ff80bfbe3c0:   b6 0a 88 08 c3 f3 0f 6f 02 f3 0f 7f 00 c3 66 90
0x00007ff80bfbe3d0:   4c 8b 02 0f b7 4a 08 44 0f b6 4a 0a 4c 89 00 66
0x00007ff80bfbe3e0:   89 48 08 44 88 48 0a c3 8b 0a 89 08 c3 0f 1f 00
0x00007ff80bfbe3f0:   8b 0a 44 0f b6 42 04 89 08 44 88 40 04 c3 66 90
0x00007ff80bfbe400:   8b 0a 44 0f b7 42 04 89 08 66 44 89 40 04 c3 90
0x00007ff80bfbe410:   8b 0a 44 0f b7 42 04 44 0f b6 4a 06 89 08 66 44
0x00007ff80bfbe420:   89 40 04 44 88 48 06 c3 4c 8b 02 8b 4a 08 44 0f
0x00007ff80bfbe430:   b6 4a 0c 4c 89 00 89 48 08 44 88 48 0c c3 66 90
0x00007ff80bfbe440:   4c 8b 02 0f b6 4a 08 4c 89 00 88 48 08 c3 66 90
0x00007ff80bfbe450:   4c 8b 02 0f b7 4a 08 4c 89 00 66 89 48 08 c3 90
0x00007ff80bfbe460:   4c 8b 02 8b 4a 08 4c 89 00 89 48 08 c3 0f 1f 00
0x00007ff80bfbe470:   4c 8b 02 8b 4a 08 44 0f b7 4a 0c 4c 89 00 89 48
0x00007ff80bfbe480:   08 66 44 89 48 0c c3 66 0f 1f 84 00 00 00 00 00
0x00007ff80bfbe490:   4c 8b 02 8b 4a 08 44 0f b7 4a 0c 44 0f b6 52 0e
0x00007ff80bfbe4a0:   4c 89 00 89 48 08 66 44 89 48 0c 44 88 50 0e c3
0x00007ff80bfbe4b0:   0f 10 04 11 4c 03 c1 48 83 c1 10 41 f6 c3 0f 74
0x00007ff80bfbe4c0:   13 0f 28 c8 48 83 e1 f0 0f 10 04 11 48 83 c1 10
0x00007ff80bfbe4d0:   41 0f 11 0b 4c 2b c1 4d 8b c8 49 c1 e9 07 0f 84
0x00007ff80bfbe4e0:   88 00 00 00 0f 29 41 f0 4c 3b 0d 49 52 63 01 76
0x00007ff80bfbe4f0:   17 e9 c2 00 00 00 66 66 0f 1f 84 00 00 00 00 00
0x00007ff80bfbe500:   0f 29 41 e0 0f 29 49 f0 0f 10 04 11 0f 10 4c 11
0x00007ff80bfbe510:   10 48 81 c1 80 00 00 00 0f 29 41 80 0f 29 49 90
0x00007ff80bfbe520:   0f 10 44 11 a0 0f 10 4c 11 b0 49 ff c9 0f 29 41
0x00007ff80bfbe530:   a0 0f 29 49 b0 0f 10 44 11 c0 0f 10 4c 11 d0 0f
0x00007ff80bfbe540:   29 41 c0 0f 29 49 d0 0f 10 44 11 e0 0f 10 4c 11
0x00007ff80bfbe550:   f0 75 ad 0f 29 41 e0 49 83 e0 7f 0f 28 c1 eb 0c
0x00007ff80bfbe560:   0f 10 04 11 48 83 c1 10 49 83 e8 10 4d 8b c8 49
0x00007ff80bfbe570:   c1 e9 04 74 1c 66 66 66 0f 1f 84 00 00 00 00 00
0x00007ff80bfbe580:   0f 11 41 f0 0f 10 04 11 48 83 c1 10 49 ff c9 75
0x00007ff80bfbe590:   ef 49 83 e0 0f 74 0d 4a 8d 04 01 0f 10 4c 10 f0
0x00007ff80bfbe5a0:   0f 11 48 f0 0f 11 41 f0 49 8b c3 c3 0f 1f 40 00 


Stack slot to memory mapping:
stack at sp + 0 slots: 0x00007ff80b9f8e0c nvoglv64.dll
stack at sp + 1 slots: 0x0000027ccff7f560 is pointing into metadata
stack at sp + 2 slots: 0x0000027ca4ceb800 is a thread
stack at sp + 3 slots: 0x000000a8b5eff360 is pointing into the stack for thread: 0x0000027ca4ceb800
stack at sp + 4 slots: 0x00007ff80b8686ab nvoglv64.dll
stack at sp + 5 slots: 0x0 is NULL
stack at sp + 6 slots: 0x0 is NULL
stack at sp + 7 slots: 0x0 is NULL


---------------  P R O C E S S  ---------------

Threads class SMR info:
_java_thread_list=0x0000027cc8b4f790, length=10, elements={
0x0000027ca4ceb800, 0x0000027cc894e000, 0x0000027cc8950000, 0x0000027cc899e800,
0x0000027cc89a0000, 0x0000027cc89a1800, 0x0000027cc89a5800, 0x0000027cc89ae000,
0x0000027cc89bb800, 0x0000027cc8b5d800
}

Java Threads: ( => current thread )
=>0x0000027ca4ceb800 JavaThread "main" [_thread_in_native, id=18880, stack(0x000000a8b5e00000,0x000000a8b5f00000)]
  0x0000027cc894e000 JavaThread "Reference Handler" daemon [_thread_blocked, id=11312, stack(0x000000a8b6500000,0x000000a8b6600000)]
  0x0000027cc8950000 JavaThread "Finalizer" daemon [_thread_blocked, id=8800, stack(0x000000a8b6600000,0x000000a8b6700000)]
  0x0000027cc899e800 JavaThread "Signal Dispatcher" daemon [_thread_blocked, id=2556, stack(0x000000a8b6700000,0x000000a8b6800000)]
  0x0000027cc89a0000 JavaThread "Attach Listener" daemon [_thread_blocked, id=8848, stack(0x000000a8b6800000,0x000000a8b6900000)]
  0x0000027cc89a1800 JavaThread "Service Thread" daemon [_thread_blocked, id=8292, stack(0x000000a8b6900000,0x000000a8b6a00000)]
  0x0000027cc89a5800 JavaThread "C2 CompilerThread0" daemon [_thread_blocked, id=17560, stack(0x000000a8b6a00000,0x000000a8b6b00000)]
  0x0000027cc89ae000 JavaThread "C1 CompilerThread0" daemon [_thread_blocked, id=20428, stack(0x000000a8b6b00000,0x000000a8b6c00000)]
  0x0000027cc89bb800 JavaThread "Sweeper thread" daemon [_thread_blocked, id=2084, stack(0x000000a8b6c00000,0x000000a8b6d00000)]
  0x0000027cc8b5d800 JavaThread "Common-Cleaner" daemon [_thread_blocked, id=17824, stack(0x000000a8b6e00000,0x000000a8b6f00000)]

Other Threads:
  0x0000027cc8936000 VMThread "VM Thread" [stack: 0x000000a8b6400000,0x000000a8b6500000] [id=15108]
  0x0000027cc8b4d000 WatcherThread [stack: 0x000000a8b6d00000,0x000000a8b6e00000] [id=12096]
  0x0000027ca4d04000 GCTaskThread "GC Thread#0" [stack: 0x000000a8b5f00000,0x000000a8b6000000] [id=12280]
  0x0000027ccf0d3800 GCTaskThread "GC Thread#1" [stack: 0x000000a8b7600000,0x000000a8b7700000] [id=11720]
  0x0000027ccecc0000 GCTaskThread "GC Thread#2" [stack: 0x000000a8b7700000,0x000000a8b7800000] [id=8340]
  0x0000027cceebd000 GCTaskThread "GC Thread#3" [stack: 0x000000a8b7800000,0x000000a8b7900000] [id=12860]
  0x0000027ca4d5f000 ConcurrentGCThread "G1 Main Marker" [stack: 0x000000a8b6000000,0x000000a8b6100000] [id=12496]
  0x0000027ca4d60800 ConcurrentGCThread "G1 Conc#0" [stack: 0x000000a8b6100000,0x000000a8b6200000] [id=17552]
  0x0000027cc7f76000 ConcurrentGCThread "G1 Refine#0" [stack: 0x000000a8b6200000,0x000000a8b6300000] [id=2656]
  0x0000027cc7f79000 ConcurrentGCThread "G1 Young RemSet Sampling" [stack: 0x000000a8b6300000,0x000000a8b6400000] [id=6444]

Threads with active compile tasks:

VM state:not at safepoint (normal execution)

VM Mutex/Monitor currently owned by a thread: None

Heap address: 0x0000000700a00000, size: 4086 MB, Compressed Oops mode: Zero based, Oop shift amount: 3
Narrow klass base: 0x0000000800000000, Narrow klass shift: 0
Compressed class space size: 1073741824 Address: 0x0000000800000000

Heap:
 garbage-first heap   total 262144K, used 16360K [0x0000000700a00000, 0x0000000800000000)
  region size 1024K, 17 young (17408K), 2 survivors (2048K)
 Metaspace       used 16383K, capacity 16669K, committed 16896K, reserved 1064960K
  class space    used 1160K, capacity 1253K, committed 1280K, reserved 1048576K
Heap Regions: E=young(eden), S=young(survivor), O=old, HS=humongous(starts), HC=humongous(continues), CS=collection set, F=free, A=archive, TAMS=top-at-mark-start (previous, next)
|   0|0x0000000700a00000, 0x0000000700a00000, 0x0000000700b00000|  0%| F|  |TAMS 0x0000000700a00000, 0x0000000700a00000| Untracked 
|   1|0x0000000700b00000, 0x0000000700b00000, 0x0000000700c00000|  0%| F|  |TAMS 0x0000000700b00000, 0x0000000700b00000| Untracked 
|   2|0x0000000700c00000, 0x0000000700c00000, 0x0000000700d00000|  0%| F|  |TAMS 0x0000000700c00000, 0x0000000700c00000| Untracked 
|   3|0x0000000700d00000, 0x0000000700d00000, 0x0000000700e00000|  0%| F|  |TAMS 0x0000000700d00000, 0x0000000700d00000| Untracked 
|   4|0x0000000700e00000, 0x0000000700e00000, 0x0000000700f00000|  0%| F|  |TAMS 0x0000000700e00000, 0x0000000700e00000| Untracked 
|   5|0x0000000700f00000, 0x0000000700f00000, 0x0000000701000000|  0%| F|  |TAMS 0x0000000700f00000, 0x0000000700f00000| Untracked 
|   6|0x0000000701000000, 0x0000000701000000, 0x0000000701100000|  0%| F|  |TAMS 0x0000000701000000, 0x0000000701000000| Untracked 
|   7|0x0000000701100000, 0x0000000701100000, 0x0000000701200000|  0%| F|  |TAMS 0x0000000701100000, 0x0000000701100000| Untracked 
|   8|0x0000000701200000, 0x0000000701200000, 0x0000000701300000|  0%| F|  |TAMS 0x0000000701200000, 0x0000000701200000| Untracked 
|   9|0x0000000701300000, 0x0000000701300000, 0x0000000701400000|  0%| F|  |TAMS 0x0000000701300000, 0x0000000701300000| Untracked 
|  10|0x0000000701400000, 0x0000000701400000, 0x0000000701500000|  0%| F|  |TAMS 0x0000000701400000, 0x0000000701400000| Untracked 
|  11|0x0000000701500000, 0x0000000701500000, 0x0000000701600000|  0%| F|  |TAMS 0x0000000701500000, 0x0000000701500000| Untracked 
|  12|0x0000000701600000, 0x0000000701600000, 0x0000000701700000|  0%| F|  |TAMS 0x0000000701600000, 0x0000000701600000| Untracked 
|  13|0x0000000701700000, 0x0000000701700000, 0x0000000701800000|  0%| F|  |TAMS 0x0000000701700000, 0x0000000701700000| Untracked 
|  14|0x0000000701800000, 0x0000000701800000, 0x0000000701900000|  0%| F|  |TAMS 0x0000000701800000, 0x0000000701800000| Untracked 
|  15|0x0000000701900000, 0x0000000701900000, 0x0000000701a00000|  0%| F|  |TAMS 0x0000000701900000, 0x0000000701900000| Untracked 
|  16|0x0000000701a00000, 0x0000000701a00000, 0x0000000701b00000|  0%| F|  |TAMS 0x0000000701a00000, 0x0000000701a00000| Untracked 
|  17|0x0000000701b00000, 0x0000000701b00000, 0x0000000701c00000|  0%| F|  |TAMS 0x0000000701b00000, 0x0000000701b00000| Untracked 
|  18|0x0000000701c00000, 0x0000000701c00000, 0x0000000701d00000|  0%| F|  |TAMS 0x0000000701c00000, 0x0000000701c00000| Untracked 
|  19|0x0000000701d00000, 0x0000000701d00000, 0x0000000701e00000|  0%| F|  |TAMS 0x0000000701d00000, 0x0000000701d00000| Untracked 
|  20|0x0000000701e00000, 0x0000000701e00000, 0x0000000701f00000|  0%| F|  |TAMS 0x0000000701e00000, 0x0000000701e00000| Untracked 
|  21|0x0000000701f00000, 0x0000000701f00000, 0x0000000702000000|  0%| F|  |TAMS 0x0000000701f00000, 0x0000000701f00000| Untracked 
|  22|0x0000000702000000, 0x0000000702000000, 0x0000000702100000|  0%| F|  |TAMS 0x0000000702000000, 0x0000000702000000| Untracked 
|  23|0x0000000702100000, 0x0000000702100000, 0x0000000702200000|  0%| F|  |TAMS 0x0000000702100000, 0x0000000702100000| Untracked 
|  24|0x0000000702200000, 0x0000000702200000, 0x0000000702300000|  0%| F|  |TAMS 0x0000000702200000, 0x0000000702200000| Untracked 
|  25|0x0000000702300000, 0x0000000702300000, 0x0000000702400000|  0%| F|  |TAMS 0x0000000702300000, 0x0000000702300000| Untracked 
|  26|0x0000000702400000, 0x0000000702400000, 0x0000000702500000|  0%| F|  |TAMS 0x0000000702400000, 0x0000000702400000| Untracked 
|  27|0x0000000702500000, 0x0000000702500000, 0x0000000702600000|  0%| F|  |TAMS 0x0000000702500000, 0x0000000702500000| Untracked 
|  28|0x0000000702600000, 0x0000000702600000, 0x0000000702700000|  0%| F|  |TAMS 0x0000000702600000, 0x0000000702600000| Untracked 
|  29|0x0000000702700000, 0x0000000702700000, 0x0000000702800000|  0%| F|  |TAMS 0x0000000702700000, 0x0000000702700000| Untracked 
|  30|0x0000000702800000, 0x0000000702800000, 0x0000000702900000|  0%| F|  |TAMS 0x0000000702800000, 0x0000000702800000| Untracked 
|  31|0x0000000702900000, 0x0000000702900000, 0x0000000702a00000|  0%| F|  |TAMS 0x0000000702900000, 0x0000000702900000| Untracked 
|  32|0x0000000702a00000, 0x0000000702a00000, 0x0000000702b00000|  0%| F|  |TAMS 0x0000000702a00000, 0x0000000702a00000| Untracked 
|  33|0x0000000702b00000, 0x0000000702b00000, 0x0000000702c00000|  0%| F|  |TAMS 0x0000000702b00000, 0x0000000702b00000| Untracked 
|  34|0x0000000702c00000, 0x0000000702c00000, 0x0000000702d00000|  0%| F|  |TAMS 0x0000000702c00000, 0x0000000702c00000| Untracked 
|  35|0x0000000702d00000, 0x0000000702d00000, 0x0000000702e00000|  0%| F|  |TAMS 0x0000000702d00000, 0x0000000702d00000| Untracked 
|  36|0x0000000702e00000, 0x0000000702e00000, 0x0000000702f00000|  0%| F|  |TAMS 0x0000000702e00000, 0x0000000702e00000| Untracked 
|  37|0x0000000702f00000, 0x0000000702f00000, 0x0000000703000000|  0%| F|  |TAMS 0x0000000702f00000, 0x0000000702f00000| Untracked 
|  38|0x0000000703000000, 0x0000000703000000, 0x0000000703100000|  0%| F|  |TAMS 0x0000000703000000, 0x0000000703000000| Untracked 
|  39|0x0000000703100000, 0x0000000703100000, 0x0000000703200000|  0%| F|  |TAMS 0x0000000703100000, 0x0000000703100000| Untracked 
|  40|0x0000000703200000, 0x0000000703200000, 0x0000000703300000|  0%| F|  |TAMS 0x0000000703200000, 0x0000000703200000| Untracked 
|  41|0x0000000703300000, 0x0000000703300000, 0x0000000703400000|  0%| F|  |TAMS 0x0000000703300000, 0x0000000703300000| Untracked 
|  42|0x0000000703400000, 0x0000000703400000, 0x0000000703500000|  0%| F|  |TAMS 0x0000000703400000, 0x0000000703400000| Untracked 
|  43|0x0000000703500000, 0x0000000703500000, 0x0000000703600000|  0%| F|  |TAMS 0x0000000703500000, 0x0000000703500000| Untracked 
|  44|0x0000000703600000, 0x0000000703600000, 0x0000000703700000|  0%| F|  |TAMS 0x0000000703600000, 0x0000000703600000| Untracked 
|  45|0x0000000703700000, 0x0000000703700000, 0x0000000703800000|  0%| F|  |TAMS 0x0000000703700000, 0x0000000703700000| Untracked 
|  46|0x0000000703800000, 0x0000000703800000, 0x0000000703900000|  0%| F|  |TAMS 0x0000000703800000, 0x0000000703800000| Untracked 
|  47|0x0000000703900000, 0x0000000703900000, 0x0000000703a00000|  0%| F|  |TAMS 0x0000000703900000, 0x0000000703900000| Untracked 
|  48|0x0000000703a00000, 0x0000000703a00000, 0x0000000703b00000|  0%| F|  |TAMS 0x0000000703a00000, 0x0000000703a00000| Untracked 
|  49|0x0000000703b00000, 0x0000000703b00000, 0x0000000703c00000|  0%| F|  |TAMS 0x0000000703b00000, 0x0000000703b00000| Untracked 
|  50|0x0000000703c00000, 0x0000000703c00000, 0x0000000703d00000|  0%| F|  |TAMS 0x0000000703c00000, 0x0000000703c00000| Untracked 
|  51|0x0000000703d00000, 0x0000000703d00000, 0x0000000703e00000|  0%| F|  |TAMS 0x0000000703d00000, 0x0000000703d00000| Untracked 
|  52|0x0000000703e00000, 0x0000000703e00000, 0x0000000703f00000|  0%| F|  |TAMS 0x0000000703e00000, 0x0000000703e00000| Untracked 
|  53|0x0000000703f00000, 0x0000000703f00000, 0x0000000704000000|  0%| F|  |TAMS 0x0000000703f00000, 0x0000000703f00000| Untracked 
|  54|0x0000000704000000, 0x0000000704000000, 0x0000000704100000|  0%| F|  |TAMS 0x0000000704000000, 0x0000000704000000| Untracked 
|  55|0x0000000704100000, 0x0000000704100000, 0x0000000704200000|  0%| F|  |TAMS 0x0000000704100000, 0x0000000704100000| Untracked 
|  56|0x0000000704200000, 0x0000000704200000, 0x0000000704300000|  0%| F|  |TAMS 0x0000000704200000, 0x0000000704200000| Untracked 
|  57|0x0000000704300000, 0x0000000704300000, 0x0000000704400000|  0%| F|  |TAMS 0x0000000704300000, 0x0000000704300000| Untracked 
|  58|0x0000000704400000, 0x0000000704400000, 0x0000000704500000|  0%| F|  |TAMS 0x0000000704400000, 0x0000000704400000| Untracked 
|  59|0x0000000704500000, 0x0000000704500000, 0x0000000704600000|  0%| F|  |TAMS 0x0000000704500000, 0x0000000704500000| Untracked 
|  60|0x0000000704600000, 0x0000000704600000, 0x0000000704700000|  0%| F|  |TAMS 0x0000000704600000, 0x0000000704600000| Untracked 
|  61|0x0000000704700000, 0x0000000704700000, 0x0000000704800000|  0%| F|  |TAMS 0x0000000704700000, 0x0000000704700000| Untracked 
|  62|0x0000000704800000, 0x0000000704800000, 0x0000000704900000|  0%| F|  |TAMS 0x0000000704800000, 0x0000000704800000| Untracked 
|  63|0x0000000704900000, 0x0000000704900000, 0x0000000704a00000|  0%| F|  |TAMS 0x0000000704900000, 0x0000000704900000| Untracked 
|  64|0x0000000704a00000, 0x0000000704a00000, 0x0000000704b00000|  0%| F|  |TAMS 0x0000000704a00000, 0x0000000704a00000| Untracked 
|  65|0x0000000704b00000, 0x0000000704b00000, 0x0000000704c00000|  0%| F|  |TAMS 0x0000000704b00000, 0x0000000704b00000| Untracked 
|  66|0x0000000704c00000, 0x0000000704c00000, 0x0000000704d00000|  0%| F|  |TAMS 0x0000000704c00000, 0x0000000704c00000| Untracked 
|  67|0x0000000704d00000, 0x0000000704d00000, 0x0000000704e00000|  0%| F|  |TAMS 0x0000000704d00000, 0x0000000704d00000| Untracked 
|  68|0x0000000704e00000, 0x0000000704e00000, 0x0000000704f00000|  0%| F|  |TAMS 0x0000000704e00000, 0x0000000704e00000| Untracked 
|  69|0x0000000704f00000, 0x0000000704f00000, 0x0000000705000000|  0%| F|  |TAMS 0x0000000704f00000, 0x0000000704f00000| Untracked 
|  70|0x0000000705000000, 0x0000000705000000, 0x0000000705100000|  0%| F|  |TAMS 0x0000000705000000, 0x0000000705000000| Untracked 
|  71|0x0000000705100000, 0x0000000705100000, 0x0000000705200000|  0%| F|  |TAMS 0x0000000705100000, 0x0000000705100000| Untracked 
|  72|0x0000000705200000, 0x0000000705200000, 0x0000000705300000|  0%| F|  |TAMS 0x0000000705200000, 0x0000000705200000| Untracked 
|  73|0x0000000705300000, 0x0000000705300000, 0x0000000705400000|  0%| F|  |TAMS 0x0000000705300000, 0x0000000705300000| Untracked 
|  74|0x0000000705400000, 0x0000000705400000, 0x0000000705500000|  0%| F|  |TAMS 0x0000000705400000, 0x0000000705400000| Untracked 
|  75|0x0000000705500000, 0x0000000705500000, 0x0000000705600000|  0%| F|  |TAMS 0x0000000705500000, 0x0000000705500000| Untracked 
|  76|0x0000000705600000, 0x0000000705600000, 0x0000000705700000|  0%| F|  |TAMS 0x0000000705600000, 0x0000000705600000| Untracked 
|  77|0x0000000705700000, 0x0000000705700000, 0x0000000705800000|  0%| F|  |TAMS 0x0000000705700000, 0x0000000705700000| Untracked 
|  78|0x0000000705800000, 0x0000000705800000, 0x0000000705900000|  0%| F|  |TAMS 0x0000000705800000, 0x0000000705800000| Untracked 
|  79|0x0000000705900000, 0x0000000705900000, 0x0000000705a00000|  0%| F|  |TAMS 0x0000000705900000, 0x0000000705900000| Untracked 
|  80|0x0000000705a00000, 0x0000000705a00000, 0x0000000705b00000|  0%| F|  |TAMS 0x0000000705a00000, 0x0000000705a00000| Untracked 
|  81|0x0000000705b00000, 0x0000000705b00000, 0x0000000705c00000|  0%| F|  |TAMS 0x0000000705b00000, 0x0000000705b00000| Untracked 
|  82|0x0000000705c00000, 0x0000000705c00000, 0x0000000705d00000|  0%| F|  |TAMS 0x0000000705c00000, 0x0000000705c00000| Untracked 
|  83|0x0000000705d00000, 0x0000000705d00000, 0x0000000705e00000|  0%| F|  |TAMS 0x0000000705d00000, 0x0000000705d00000| Untracked 
|  84|0x0000000705e00000, 0x0000000705e00000, 0x0000000705f00000|  0%| F|  |TAMS 0x0000000705e00000, 0x0000000705e00000| Untracked 
|  85|0x0000000705f00000, 0x0000000705f00000, 0x0000000706000000|  0%| F|  |TAMS 0x0000000705f00000, 0x0000000705f00000| Untracked 
|  86|0x0000000706000000, 0x0000000706000000, 0x0000000706100000|  0%| F|  |TAMS 0x0000000706000000, 0x0000000706000000| Untracked 
|  87|0x0000000706100000, 0x0000000706100000, 0x0000000706200000|  0%| F|  |TAMS 0x0000000706100000, 0x0000000706100000| Untracked 
|  88|0x0000000706200000, 0x0000000706200000, 0x0000000706300000|  0%| F|  |TAMS 0x0000000706200000, 0x0000000706200000| Untracked 
|  89|0x0000000706300000, 0x0000000706300000, 0x0000000706400000|  0%| F|  |TAMS 0x0000000706300000, 0x0000000706300000| Untracked 
|  90|0x0000000706400000, 0x0000000706400000, 0x0000000706500000|  0%| F|  |TAMS 0x0000000706400000, 0x0000000706400000| Untracked 
|  91|0x0000000706500000, 0x0000000706500000, 0x0000000706600000|  0%| F|  |TAMS 0x0000000706500000, 0x0000000706500000| Untracked 
|  92|0x0000000706600000, 0x0000000706600000, 0x0000000706700000|  0%| F|  |TAMS 0x0000000706600000, 0x0000000706600000| Untracked 
|  93|0x0000000706700000, 0x0000000706700000, 0x0000000706800000|  0%| F|  |TAMS 0x0000000706700000, 0x0000000706700000| Untracked 
|  94|0x0000000706800000, 0x0000000706800000, 0x0000000706900000|  0%| F|  |TAMS 0x0000000706800000, 0x0000000706800000| Untracked 
|  95|0x0000000706900000, 0x0000000706900000, 0x0000000706a00000|  0%| F|  |TAMS 0x0000000706900000, 0x0000000706900000| Untracked 
|  96|0x0000000706a00000, 0x0000000706a00000, 0x0000000706b00000|  0%| F|  |TAMS 0x0000000706a00000, 0x0000000706a00000| Untracked 
|  97|0x0000000706b00000, 0x0000000706b00000, 0x0000000706c00000|  0%| F|  |TAMS 0x0000000706b00000, 0x0000000706b00000| Untracked 
|  98|0x0000000706c00000, 0x0000000706c00000, 0x0000000706d00000|  0%| F|  |TAMS 0x0000000706c00000, 0x0000000706c00000| Untracked 
|  99|0x0000000706d00000, 0x0000000706d00000, 0x0000000706e00000|  0%| F|  |TAMS 0x0000000706d00000, 0x0000000706d00000| Untracked 
| 100|0x0000000706e00000, 0x0000000706e00000, 0x0000000706f00000|  0%| F|  |TAMS 0x0000000706e00000, 0x0000000706e00000| Untracked 
| 101|0x0000000706f00000, 0x0000000706f00000, 0x0000000707000000|  0%| F|  |TAMS 0x0000000706f00000, 0x0000000706f00000| Untracked 
| 102|0x0000000707000000, 0x0000000707000000, 0x0000000707100000|  0%| F|  |TAMS 0x0000000707000000, 0x0000000707000000| Untracked 
| 103|0x0000000707100000, 0x0000000707100000, 0x0000000707200000|  0%| F|  |TAMS 0x0000000707100000, 0x0000000707100000| Untracked 
| 104|0x0000000707200000, 0x0000000707200000, 0x0000000707300000|  0%| F|  |TAMS 0x0000000707200000, 0x0000000707200000| Untracked 
| 105|0x0000000707300000, 0x0000000707300000, 0x0000000707400000|  0%| F|  |TAMS 0x0000000707300000, 0x0000000707300000| Untracked 
| 106|0x0000000707400000, 0x0000000707400000, 0x0000000707500000|  0%| F|  |TAMS 0x0000000707400000, 0x0000000707400000| Untracked 
| 107|0x0000000707500000, 0x0000000707500000, 0x0000000707600000|  0%| F|  |TAMS 0x0000000707500000, 0x0000000707500000| Untracked 
| 108|0x0000000707600000, 0x0000000707600000, 0x0000000707700000|  0%| F|  |TAMS 0x0000000707600000, 0x0000000707600000| Untracked 
| 109|0x0000000707700000, 0x0000000707700000, 0x0000000707800000|  0%| F|  |TAMS 0x0000000707700000, 0x0000000707700000| Untracked 
| 110|0x0000000707800000, 0x0000000707800000, 0x0000000707900000|  0%| F|  |TAMS 0x0000000707800000, 0x0000000707800000| Untracked 
| 111|0x0000000707900000, 0x0000000707900000, 0x0000000707a00000|  0%| F|  |TAMS 0x0000000707900000, 0x0000000707900000| Untracked 
| 112|0x0000000707a00000, 0x0000000707a00000, 0x0000000707b00000|  0%| F|  |TAMS 0x0000000707a00000, 0x0000000707a00000| Untracked 
| 113|0x0000000707b00000, 0x0000000707b00000, 0x0000000707c00000|  0%| F|  |TAMS 0x0000000707b00000, 0x0000000707b00000| Untracked 
| 114|0x0000000707c00000, 0x0000000707c00000, 0x0000000707d00000|  0%| F|  |TAMS 0x0000000707c00000, 0x0000000707c00000| Untracked 
| 115|0x0000000707d00000, 0x0000000707d00000, 0x0000000707e00000|  0%| F|  |TAMS 0x0000000707d00000, 0x0000000707d00000| Untracked 
| 116|0x0000000707e00000, 0x0000000707e00000, 0x0000000707f00000|  0%| F|  |TAMS 0x0000000707e00000, 0x0000000707e00000| Untracked 
| 117|0x0000000707f00000, 0x0000000707f00000, 0x0000000708000000|  0%| F|  |TAMS 0x0000000707f00000, 0x0000000707f00000| Untracked 
| 118|0x0000000708000000, 0x0000000708000000, 0x0000000708100000|  0%| F|  |TAMS 0x0000000708000000, 0x0000000708000000| Untracked 
| 119|0x0000000708100000, 0x0000000708100000, 0x0000000708200000|  0%| F|  |TAMS 0x0000000708100000, 0x0000000708100000| Untracked 
| 120|0x0000000708200000, 0x0000000708200000, 0x0000000708300000|  0%| F|  |TAMS 0x0000000708200000, 0x0000000708200000| Untracked 
| 121|0x0000000708300000, 0x0000000708300000, 0x0000000708400000|  0%| F|  |TAMS 0x0000000708300000, 0x0000000708300000| Untracked 
| 122|0x0000000708400000, 0x0000000708400000, 0x0000000708500000|  0%| F|  |TAMS 0x0000000708400000, 0x0000000708400000| Untracked 
| 123|0x0000000708500000, 0x0000000708500000, 0x0000000708600000|  0%| F|  |TAMS 0x0000000708500000, 0x0000000708500000| Untracked 
| 124|0x0000000708600000, 0x0000000708600000, 0x0000000708700000|  0%| F|  |TAMS 0x0000000708600000, 0x0000000708600000| Untracked 
| 125|0x0000000708700000, 0x0000000708700000, 0x0000000708800000|  0%| F|  |TAMS 0x0000000708700000, 0x0000000708700000| Untracked 
| 126|0x0000000708800000, 0x0000000708800000, 0x0000000708900000|  0%| F|  |TAMS 0x0000000708800000, 0x0000000708800000| Untracked 
| 127|0x0000000708900000, 0x0000000708900000, 0x0000000708a00000|  0%| F|  |TAMS 0x0000000708900000, 0x0000000708900000| Untracked 
| 128|0x0000000708a00000, 0x0000000708a00000, 0x0000000708b00000|  0%| F|  |TAMS 0x0000000708a00000, 0x0000000708a00000| Untracked 
| 129|0x0000000708b00000, 0x0000000708b00000, 0x0000000708c00000|  0%| F|  |TAMS 0x0000000708b00000, 0x0000000708b00000| Untracked 
| 130|0x0000000708c00000, 0x0000000708c00000, 0x0000000708d00000|  0%| F|  |TAMS 0x0000000708c00000, 0x0000000708c00000| Untracked 
| 131|0x0000000708d00000, 0x0000000708d00000, 0x0000000708e00000|  0%| F|  |TAMS 0x0000000708d00000, 0x0000000708d00000| Untracked 
| 132|0x0000000708e00000, 0x0000000708e00000, 0x0000000708f00000|  0%| F|  |TAMS 0x0000000708e00000, 0x0000000708e00000| Untracked 
| 133|0x0000000708f00000, 0x0000000708f00000, 0x0000000709000000|  0%| F|  |TAMS 0x0000000708f00000, 0x0000000708f00000| Untracked 
| 134|0x0000000709000000, 0x0000000709000000, 0x0000000709100000|  0%| F|  |TAMS 0x0000000709000000, 0x0000000709000000| Untracked 
| 135|0x0000000709100000, 0x0000000709100000, 0x0000000709200000|  0%| F|  |TAMS 0x0000000709100000, 0x0000000709100000| Untracked 
| 136|0x0000000709200000, 0x0000000709200000, 0x0000000709300000|  0%| F|  |TAMS 0x0000000709200000, 0x0000000709200000| Untracked 
| 137|0x0000000709300000, 0x0000000709300000, 0x0000000709400000|  0%| F|  |TAMS 0x0000000709300000, 0x0000000709300000| Untracked 
| 138|0x0000000709400000, 0x0000000709400000, 0x0000000709500000|  0%| F|  |TAMS 0x0000000709400000, 0x0000000709400000| Untracked 
| 139|0x0000000709500000, 0x0000000709500000, 0x0000000709600000|  0%| F|  |TAMS 0x0000000709500000, 0x0000000709500000| Untracked 
| 140|0x0000000709600000, 0x0000000709600000, 0x0000000709700000|  0%| F|  |TAMS 0x0000000709600000, 0x0000000709600000| Untracked 
| 141|0x0000000709700000, 0x0000000709700000, 0x0000000709800000|  0%| F|  |TAMS 0x0000000709700000, 0x0000000709700000| Untracked 
| 142|0x0000000709800000, 0x0000000709800000, 0x0000000709900000|  0%| F|  |TAMS 0x0000000709800000, 0x0000000709800000| Untracked 
| 143|0x0000000709900000, 0x0000000709900000, 0x0000000709a00000|  0%| F|  |TAMS 0x0000000709900000, 0x0000000709900000| Untracked 
| 144|0x0000000709a00000, 0x0000000709a00000, 0x0000000709b00000|  0%| F|  |TAMS 0x0000000709a00000, 0x0000000709a00000| Untracked 
| 145|0x0000000709b00000, 0x0000000709b00000, 0x0000000709c00000|  0%| F|  |TAMS 0x0000000709b00000, 0x0000000709b00000| Untracked 
| 146|0x0000000709c00000, 0x0000000709c00000, 0x0000000709d00000|  0%| F|  |TAMS 0x0000000709c00000, 0x0000000709c00000| Untracked 
| 147|0x0000000709d00000, 0x0000000709d00000, 0x0000000709e00000|  0%| F|  |TAMS 0x0000000709d00000, 0x0000000709d00000| Untracked 
| 148|0x0000000709e00000, 0x0000000709e00000, 0x0000000709f00000|  0%| F|  |TAMS 0x0000000709e00000, 0x0000000709e00000| Untracked 
| 149|0x0000000709f00000, 0x0000000709f00000, 0x000000070a000000|  0%| F|  |TAMS 0x0000000709f00000, 0x0000000709f00000| Untracked 
| 150|0x000000070a000000, 0x000000070a000000, 0x000000070a100000|  0%| F|  |TAMS 0x000000070a000000, 0x000000070a000000| Untracked 
| 151|0x000000070a100000, 0x000000070a100000, 0x000000070a200000|  0%| F|  |TAMS 0x000000070a100000, 0x000000070a100000| Untracked 
| 152|0x000000070a200000, 0x000000070a200000, 0x000000070a300000|  0%| F|  |TAMS 0x000000070a200000, 0x000000070a200000| Untracked 
| 153|0x000000070a300000, 0x000000070a300000, 0x000000070a400000|  0%| F|  |TAMS 0x000000070a300000, 0x000000070a300000| Untracked 
| 154|0x000000070a400000, 0x000000070a400000, 0x000000070a500000|  0%| F|  |TAMS 0x000000070a400000, 0x000000070a400000| Untracked 
| 155|0x000000070a500000, 0x000000070a500000, 0x000000070a600000|  0%| F|  |TAMS 0x000000070a500000, 0x000000070a500000| Untracked 
| 156|0x000000070a600000, 0x000000070a600000, 0x000000070a700000|  0%| F|  |TAMS 0x000000070a600000, 0x000000070a600000| Untracked 
| 157|0x000000070a700000, 0x000000070a700000, 0x000000070a800000|  0%| F|  |TAMS 0x000000070a700000, 0x000000070a700000| Untracked 
| 158|0x000000070a800000, 0x000000070a800000, 0x000000070a900000|  0%| F|  |TAMS 0x000000070a800000, 0x000000070a800000| Untracked 
| 159|0x000000070a900000, 0x000000070a900000, 0x000000070aa00000|  0%| F|  |TAMS 0x000000070a900000, 0x000000070a900000| Untracked 
| 160|0x000000070aa00000, 0x000000070aa00000, 0x000000070ab00000|  0%| F|  |TAMS 0x000000070aa00000, 0x000000070aa00000| Untracked 
| 161|0x000000070ab00000, 0x000000070ab00000, 0x000000070ac00000|  0%| F|  |TAMS 0x000000070ab00000, 0x000000070ab00000| Untracked 
| 162|0x000000070ac00000, 0x000000070ac00000, 0x000000070ad00000|  0%| F|  |TAMS 0x000000070ac00000, 0x000000070ac00000| Untracked 
| 163|0x000000070ad00000, 0x000000070ad00000, 0x000000070ae00000|  0%| F|  |TAMS 0x000000070ad00000, 0x000000070ad00000| Untracked 
| 164|0x000000070ae00000, 0x000000070ae00000, 0x000000070af00000|  0%| F|  |TAMS 0x000000070ae00000, 0x000000070ae00000| Untracked 
| 165|0x000000070af00000, 0x000000070af00000, 0x000000070b000000|  0%| F|  |TAMS 0x000000070af00000, 0x000000070af00000| Untracked 
| 166|0x000000070b000000, 0x000000070b000000, 0x000000070b100000|  0%| F|  |TAMS 0x000000070b000000, 0x000000070b000000| Untracked 
| 167|0x000000070b100000, 0x000000070b100000, 0x000000070b200000|  0%| F|  |TAMS 0x000000070b100000, 0x000000070b100000| Untracked 
| 168|0x000000070b200000, 0x000000070b200000, 0x000000070b300000|  0%| F|  |TAMS 0x000000070b200000, 0x000000070b200000| Untracked 
| 169|0x000000070b300000, 0x000000070b300000, 0x000000070b400000|  0%| F|  |TAMS 0x000000070b300000, 0x000000070b300000| Untracked 
| 170|0x000000070b400000, 0x000000070b400000, 0x000000070b500000|  0%| F|  |TAMS 0x000000070b400000, 0x000000070b400000| Untracked 
| 171|0x000000070b500000, 0x000000070b500000, 0x000000070b600000|  0%| F|  |TAMS 0x000000070b500000, 0x000000070b500000| Untracked 
| 172|0x000000070b600000, 0x000000070b600000, 0x000000070b700000|  0%| F|  |TAMS 0x000000070b600000, 0x000000070b600000| Untracked 
| 173|0x000000070b700000, 0x000000070b700000, 0x000000070b800000|  0%| F|  |TAMS 0x000000070b700000, 0x000000070b700000| Untracked 
| 174|0x000000070b800000, 0x000000070b800000, 0x000000070b900000|  0%| F|  |TAMS 0x000000070b800000, 0x000000070b800000| Untracked 
| 175|0x000000070b900000, 0x000000070b900000, 0x000000070ba00000|  0%| F|  |TAMS 0x000000070b900000, 0x000000070b900000| Untracked 
| 176|0x000000070ba00000, 0x000000070ba00000, 0x000000070bb00000|  0%| F|  |TAMS 0x000000070ba00000, 0x000000070ba00000| Untracked 
| 177|0x000000070bb00000, 0x000000070bb00000, 0x000000070bc00000|  0%| F|  |TAMS 0x000000070bb00000, 0x000000070bb00000| Untracked 
| 178|0x000000070bc00000, 0x000000070bc00000, 0x000000070bd00000|  0%| F|  |TAMS 0x000000070bc00000, 0x000000070bc00000| Untracked 
| 179|0x000000070bd00000, 0x000000070bd00000, 0x000000070be00000|  0%| F|  |TAMS 0x000000070bd00000, 0x000000070bd00000| Untracked 
| 180|0x000000070be00000, 0x000000070be00000, 0x000000070bf00000|  0%| F|  |TAMS 0x000000070be00000, 0x000000070be00000| Untracked 
| 181|0x000000070bf00000, 0x000000070bf00000, 0x000000070c000000|  0%| F|  |TAMS 0x000000070bf00000, 0x000000070bf00000| Untracked 
| 182|0x000000070c000000, 0x000000070c000000, 0x000000070c100000|  0%| F|  |TAMS 0x000000070c000000, 0x000000070c000000| Untracked 
| 183|0x000000070c100000, 0x000000070c100000, 0x000000070c200000|  0%| F|  |TAMS 0x000000070c100000, 0x000000070c100000| Untracked 
| 184|0x000000070c200000, 0x000000070c200000, 0x000000070c300000|  0%| F|  |TAMS 0x000000070c200000, 0x000000070c200000| Untracked 
| 185|0x000000070c300000, 0x000000070c300000, 0x000000070c400000|  0%| F|  |TAMS 0x000000070c300000, 0x000000070c300000| Untracked 
| 186|0x000000070c400000, 0x000000070c400000, 0x000000070c500000|  0%| F|  |TAMS 0x000000070c400000, 0x000000070c400000| Untracked 
| 187|0x000000070c500000, 0x000000070c500000, 0x000000070c600000|  0%| F|  |TAMS 0x000000070c500000, 0x000000070c500000| Untracked 
| 188|0x000000070c600000, 0x000000070c600000, 0x000000070c700000|  0%| F|  |TAMS 0x000000070c600000, 0x000000070c600000| Untracked 
| 189|0x000000070c700000, 0x000000070c700000, 0x000000070c800000|  0%| F|  |TAMS 0x000000070c700000, 0x000000070c700000| Untracked 
| 190|0x000000070c800000, 0x000000070c800000, 0x000000070c900000|  0%| F|  |TAMS 0x000000070c800000, 0x000000070c800000| Untracked 
| 191|0x000000070c900000, 0x000000070c900000, 0x000000070ca00000|  0%| F|  |TAMS 0x000000070c900000, 0x000000070c900000| Untracked 
| 192|0x000000070ca00000, 0x000000070ca00000, 0x000000070cb00000|  0%| F|  |TAMS 0x000000070ca00000, 0x000000070ca00000| Untracked 
| 193|0x000000070cb00000, 0x000000070cb00000, 0x000000070cc00000|  0%| F|  |TAMS 0x000000070cb00000, 0x000000070cb00000| Untracked 
| 194|0x000000070cc00000, 0x000000070cc00000, 0x000000070cd00000|  0%| F|  |TAMS 0x000000070cc00000, 0x000000070cc00000| Untracked 
| 195|0x000000070cd00000, 0x000000070cd00000, 0x000000070ce00000|  0%| F|  |TAMS 0x000000070cd00000, 0x000000070cd00000| Untracked 
| 196|0x000000070ce00000, 0x000000070ce00000, 0x000000070cf00000|  0%| F|  |TAMS 0x000000070ce00000, 0x000000070ce00000| Untracked 
| 197|0x000000070cf00000, 0x000000070cf00000, 0x000000070d000000|  0%| F|  |TAMS 0x000000070cf00000, 0x000000070cf00000| Untracked 
| 198|0x000000070d000000, 0x000000070d000000, 0x000000070d100000|  0%| F|  |TAMS 0x000000070d000000, 0x000000070d000000| Untracked 
| 199|0x000000070d100000, 0x000000070d100000, 0x000000070d200000|  0%| F|  |TAMS 0x000000070d100000, 0x000000070d100000| Untracked 
| 200|0x000000070d200000, 0x000000070d200000, 0x000000070d300000|  0%| F|  |TAMS 0x000000070d200000, 0x000000070d200000| Untracked 
| 201|0x000000070d300000, 0x000000070d300000, 0x000000070d400000|  0%| F|  |TAMS 0x000000070d300000, 0x000000070d300000| Untracked 
| 202|0x000000070d400000, 0x000000070d400000, 0x000000070d500000|  0%| F|  |TAMS 0x000000070d400000, 0x000000070d400000| Untracked 
| 203|0x000000070d500000, 0x000000070d500000, 0x000000070d600000|  0%| F|  |TAMS 0x000000070d500000, 0x000000070d500000| Untracked 
| 204|0x000000070d600000, 0x000000070d600000, 0x000000070d700000|  0%| F|  |TAMS 0x000000070d600000, 0x000000070d600000| Untracked 
| 205|0x000000070d700000, 0x000000070d700000, 0x000000070d800000|  0%| F|  |TAMS 0x000000070d700000, 0x000000070d700000| Untracked 
| 206|0x000000070d800000, 0x000000070d800000, 0x000000070d900000|  0%| F|  |TAMS 0x000000070d800000, 0x000000070d800000| Untracked 
| 207|0x000000070d900000, 0x000000070d900000, 0x000000070da00000|  0%| F|  |TAMS 0x000000070d900000, 0x000000070d900000| Untracked 
| 208|0x000000070da00000, 0x000000070da00000, 0x000000070db00000|  0%| F|  |TAMS 0x000000070da00000, 0x000000070da00000| Untracked 
| 209|0x000000070db00000, 0x000000070db00000, 0x000000070dc00000|  0%| F|  |TAMS 0x000000070db00000, 0x000000070db00000| Untracked 
| 210|0x000000070dc00000, 0x000000070dc00000, 0x000000070dd00000|  0%| F|  |TAMS 0x000000070dc00000, 0x000000070dc00000| Untracked 
| 211|0x000000070dd00000, 0x000000070dd00000, 0x000000070de00000|  0%| F|  |TAMS 0x000000070dd00000, 0x000000070dd00000| Untracked 
| 212|0x000000070de00000, 0x000000070de00000, 0x000000070df00000|  0%| F|  |TAMS 0x000000070de00000, 0x000000070de00000| Untracked 
| 213|0x000000070df00000, 0x000000070df00000, 0x000000070e000000|  0%| F|  |TAMS 0x000000070df00000, 0x000000070df00000| Untracked 
| 214|0x000000070e000000, 0x000000070e000000, 0x000000070e100000|  0%| F|  |TAMS 0x000000070e000000, 0x000000070e000000| Untracked 
| 215|0x000000070e100000, 0x000000070e100000, 0x000000070e200000|  0%| F|  |TAMS 0x000000070e100000, 0x000000070e100000| Untracked 
| 216|0x000000070e200000, 0x000000070e200000, 0x000000070e300000|  0%| F|  |TAMS 0x000000070e200000, 0x000000070e200000| Untracked 
| 217|0x000000070e300000, 0x000000070e300000, 0x000000070e400000|  0%| F|  |TAMS 0x000000070e300000, 0x000000070e300000| Untracked 
| 218|0x000000070e400000, 0x000000070e400000, 0x000000070e500000|  0%| F|  |TAMS 0x000000070e400000, 0x000000070e400000| Untracked 
| 219|0x000000070e500000, 0x000000070e500000, 0x000000070e600000|  0%| F|  |TAMS 0x000000070e500000, 0x000000070e500000| Untracked 
| 220|0x000000070e600000, 0x000000070e600000, 0x000000070e700000|  0%| F|  |TAMS 0x000000070e600000, 0x000000070e600000| Untracked 
| 221|0x000000070e700000, 0x000000070e700000, 0x000000070e800000|  0%| F|  |TAMS 0x000000070e700000, 0x000000070e700000| Untracked 
| 222|0x000000070e800000, 0x000000070e800000, 0x000000070e900000|  0%| F|  |TAMS 0x000000070e800000, 0x000000070e800000| Untracked 
| 223|0x000000070e900000, 0x000000070e900000, 0x000000070ea00000|  0%| F|  |TAMS 0x000000070e900000, 0x000000070e900000| Untracked 
| 224|0x000000070ea00000, 0x000000070ea00000, 0x000000070eb00000|  0%| F|  |TAMS 0x000000070ea00000, 0x000000070ea00000| Untracked 
| 225|0x000000070eb00000, 0x000000070eb00000, 0x000000070ec00000|  0%| F|  |TAMS 0x000000070eb00000, 0x000000070eb00000| Untracked 
| 226|0x000000070ec00000, 0x000000070ec00000, 0x000000070ed00000|  0%| F|  |TAMS 0x000000070ec00000, 0x000000070ec00000| Untracked 
| 227|0x000000070ed00000, 0x000000070ed00000, 0x000000070ee00000|  0%| F|  |TAMS 0x000000070ed00000, 0x000000070ed00000| Untracked 
| 228|0x000000070ee00000, 0x000000070ee00000, 0x000000070ef00000|  0%| F|  |TAMS 0x000000070ee00000, 0x000000070ee00000| Untracked 
| 229|0x000000070ef00000, 0x000000070ef00000, 0x000000070f000000|  0%| F|  |TAMS 0x000000070ef00000, 0x000000070ef00000| Untracked 
| 230|0x000000070f000000, 0x000000070f000000, 0x000000070f100000|  0%| F|  |TAMS 0x000000070f000000, 0x000000070f000000| Untracked 
| 231|0x000000070f100000, 0x000000070f100000, 0x000000070f200000|  0%| F|  |TAMS 0x000000070f100000, 0x000000070f100000| Untracked 
| 232|0x000000070f200000, 0x000000070f200000, 0x000000070f300000|  0%| F|  |TAMS 0x000000070f200000, 0x000000070f200000| Untracked 
| 233|0x000000070f300000, 0x000000070f300000, 0x000000070f400000|  0%| F|  |TAMS 0x000000070f300000, 0x000000070f300000| Untracked 
| 234|0x000000070f400000, 0x000000070f400000, 0x000000070f500000|  0%| F|  |TAMS 0x000000070f400000, 0x000000070f400000| Untracked 
| 235|0x000000070f500000, 0x000000070f500000, 0x000000070f600000|  0%| F|  |TAMS 0x000000070f500000, 0x000000070f500000| Untracked 
| 236|0x000000070f600000, 0x000000070f600000, 0x000000070f700000|  0%| F|  |TAMS 0x000000070f600000, 0x000000070f600000| Untracked 
| 237|0x000000070f700000, 0x000000070f700000, 0x000000070f800000|  0%| F|  |TAMS 0x000000070f700000, 0x000000070f700000| Untracked 
| 238|0x000000070f800000, 0x000000070f800000, 0x000000070f900000|  0%| F|  |TAMS 0x000000070f800000, 0x000000070f800000| Untracked 
| 239|0x000000070f900000, 0x000000070fa00000, 0x000000070fa00000|100%| E|  |TAMS 0x000000070f900000, 0x000000070f900000| Complete 
| 240|0x000000070fa00000, 0x000000070fafa288, 0x000000070fb00000| 97%| S|CS|TAMS 0x000000070fa00000, 0x000000070fa00000| Complete 
| 241|0x000000070fb00000, 0x000000070fc00000, 0x000000070fc00000|100%| S|CS|TAMS 0x000000070fb00000, 0x000000070fb00000| Complete 
| 242|0x000000070fc00000, 0x000000070fd00000, 0x000000070fd00000|100%| E|CS|TAMS 0x000000070fc00000, 0x000000070fc00000| Complete 
| 243|0x000000070fd00000, 0x000000070fe00000, 0x000000070fe00000|100%| E|CS|TAMS 0x000000070fd00000, 0x000000070fd00000| Complete 
| 244|0x000000070fe00000, 0x000000070ff00000, 0x000000070ff00000|100%| E|CS|TAMS 0x000000070fe00000, 0x000000070fe00000| Complete 
| 245|0x000000070ff00000, 0x0000000710000000, 0x0000000710000000|100%| E|CS|TAMS 0x000000070ff00000, 0x000000070ff00000| Complete 
| 246|0x0000000710000000, 0x0000000710100000, 0x0000000710100000|100%| E|CS|TAMS 0x0000000710000000, 0x0000000710000000| Complete 
| 247|0x0000000710100000, 0x0000000710200000, 0x0000000710200000|100%| E|CS|TAMS 0x0000000710100000, 0x0000000710100000| Complete 
| 248|0x0000000710200000, 0x0000000710300000, 0x0000000710300000|100%| E|CS|TAMS 0x0000000710200000, 0x0000000710200000| Complete 
| 249|0x0000000710300000, 0x0000000710400000, 0x0000000710400000|100%| E|CS|TAMS 0x0000000710300000, 0x0000000710300000| Complete 
| 250|0x0000000710400000, 0x0000000710500000, 0x0000000710500000|100%| E|CS|TAMS 0x0000000710400000, 0x0000000710400000| Complete 
| 251|0x0000000710500000, 0x0000000710600000, 0x0000000710600000|100%| E|CS|TAMS 0x0000000710500000, 0x0000000710500000| Complete 
| 252|0x0000000710600000, 0x0000000710700000, 0x0000000710700000|100%| E|CS|TAMS 0x0000000710600000, 0x0000000710600000| Complete 
| 253|0x0000000710700000, 0x0000000710800000, 0x0000000710800000|100%| E|CS|TAMS 0x0000000710700000, 0x0000000710700000| Complete 
| 254|0x0000000710800000, 0x0000000710900000, 0x0000000710900000|100%| E|CS|TAMS 0x0000000710800000, 0x0000000710800000| Complete 
| 255|0x0000000710900000, 0x0000000710a00000, 0x0000000710a00000|100%| E|CS|TAMS 0x0000000710900000, 0x0000000710900000| Complete 

Card table byte_map: [0x0000027cbcbe0000,0x0000027cbd3e0000] _byte_map_base: 0x0000027cb93db000

Marking Bits (Prev, Next): (CMBitMap*) 0x0000027ca4d4e328, (CMBitMap*) 0x0000027ca4d4e360
 Prev Bits: [0x0000027cbdbe0000, 0x0000027cc1bb8000)
 Next Bits: [0x0000027cc1bc0000, 0x0000027cc5b98000)

Polling page: 0x0000027ca2bf0000

Metaspace:

Usage:
  Non-class:     15.05 MB capacity,    14.87 MB ( 99%) used,   169.80 KB (  1%) free+waste,    23.38 KB ( <1%) overhead. 
      Class:      1.22 MB capacity,     1.13 MB ( 93%) used,    83.44 KB (  7%) free+waste,     9.19 KB ( <1%) overhead. 
       Both:     16.28 MB capacity,    16.00 MB ( 98%) used,   253.24 KB (  2%) free+waste,    32.56 KB ( <1%) overhead. 

Virtual space:
  Non-class space:       16.00 MB reserved,      15.25 MB ( 95%) committed 
      Class space:        1.00 GB reserved,       1.25 MB ( <1%) committed 
             Both:        1.02 GB reserved,      16.50 MB (  2%) committed 

Chunk freelists:
   Non-Class:  8.00 KB
       Class:  27.00 KB
        Both:  35.00 KB

MaxMetaspaceSize: 17179869184.00 GB
CompressedClassSpaceSize: 1.00 GB

CodeHeap 'non-profiled nmethods': size=120064Kb used=287Kb max_used=287Kb free=119776Kb
 bounds [0x0000027cb4ea0000, 0x0000027cb5110000, 0x0000027cbc3e0000]
CodeHeap 'profiled nmethods': size=120000Kb used=2096Kb max_used=2096Kb free=117903Kb
 bounds [0x0000027cad970000, 0x0000027cadbe0000, 0x0000027cb4ea0000]
CodeHeap 'non-nmethods': size=5696Kb used=1636Kb max_used=1636Kb free=4059Kb
 bounds [0x0000027cad3e0000, 0x0000027cad650000, 0x0000027cad970000]
 total_blobs=2330 nmethods=1092 adapters=1150
 compilation: enabled
              stopped_count=0, restarted_count=0
 full_count=0

Compilation events (20 events):
Event: 1.502 Thread 0x0000027cc89ae000 1083       3       java.util.ArrayList::<init> (12 bytes)
Event: 1.502 Thread 0x0000027cc89a5800 1084       4       java.lang.invoke.MethodType::parameterCount (6 bytes)
Event: 1.502 Thread 0x0000027cc89ae000 nmethod 1083 0x0000027cadb79990 code [0x0000027cadb79b60, 0x0000027cadb79df8]
Event: 1.502 Thread 0x0000027cc89ae000 1085       3       java.lang.invoke.DirectMethodHandle::internalMemberName (8 bytes)
Event: 1.502 Thread 0x0000027cc89ae000 nmethod 1085 0x0000027cadb79f10 code [0x0000027cadb7a0c0, 0x0000027cadb7a2b8]
Event: 1.502 Thread 0x0000027cc89a5800 nmethod 1084 0x0000027cb4ee7810 code [0x0000027cb4ee79a0, 0x0000027cb4ee7a18]
Event: 1.502 Thread 0x0000027cc89ae000 1086       3       java.lang.invoke.LambdaFormEditor$Transform::bval (26 bytes)
Event: 1.503 Thread 0x0000027cc89ae000 nmethod 1086 0x0000027cadb7a390 code [0x0000027cadb7a540, 0x0000027cadb7a638]
Event: 1.503 Thread 0x0000027cc89ae000 1088       3       java.util.ArrayList::iterator (9 bytes)
Event: 1.503 Thread 0x0000027cc89ae000 nmethod 1088 0x0000027cadb7a710 code [0x0000027cadb7a8e0, 0x0000027cadb7ab78]
Event: 1.503 Thread 0x0000027cc89ae000 1089       3       java.util.ArrayList$Itr::<init> (26 bytes)
Event: 1.503 Thread 0x0000027cc89ae000 nmethod 1089 0x0000027cadb7ac90 code [0x0000027cadb7ae40, 0x0000027cadb7b018]
Event: 1.503 Thread 0x0000027cc89ae000 1087       3       java.lang.invoke.BoundMethodHandle::<init> (32 bytes)
Event: 1.504 Thread 0x0000027cc89ae000 nmethod 1087 0x0000027cadb7b110 code [0x0000027cadb7b2c0, 0x0000027cadb7b408]
Event: 1.595 Thread 0x0000027cc89ae000 1090       3       java.lang.Class::getReflectionFactory (26 bytes)
Event: 1.595 Thread 0x0000027cc89ae000 nmethod 1090 0x0000027cadb7b490 code [0x0000027cadb7b680, 0x0000027cadb7ba68]
Event: 1.619 Thread 0x0000027cc89a5800 1091       4       java.nio.Buffer::position (52 bytes)
Event: 1.620 Thread 0x0000027cc89a5800 nmethod 1091 0x0000027cb4ee7a90 code [0x0000027cb4ee7c20, 0x0000027cb4ee7cd8]
Event: 1.624 Thread 0x0000027cc89ae000 1092       3       java.lang.Class::reflectionData (43 bytes)
Event: 1.624 Thread 0x0000027cc89ae000 nmethod 1092 0x0000027cadb7bb90 code [0x0000027cadb7bd60, 0x0000027cadb7c158]

GC Heap History (2 events):
Event: 0.977 GC heap before
{Heap before GC invocations=0 (full 0):
 garbage-first heap   total 262144K, used 13312K [0x0000000700a00000, 0x0000000800000000)
  region size 1024K, 14 young (14336K), 0 survivors (0K)
 Metaspace       used 10945K, capacity 11124K, committed 11392K, reserved 1060864K
  class space    used 795K, capacity 838K, committed 896K, reserved 1048576K
}
Event: 0.981 GC heap after
{Heap after GC invocations=1 (full 0):
 garbage-first heap   total 262144K, used 2024K [0x0000000700a00000, 0x0000000800000000)
  region size 1024K, 2 young (2048K), 2 survivors (2048K)
 Metaspace       used 10945K, capacity 11124K, committed 11392K, reserved 1060864K
  class space    used 795K, capacity 838K, committed 896K, reserved 1048576K
}

Deoptimization events (20 events):
Event: 0.271 Thread 0x0000027ca4ceb800 DEOPT PACKING pc=0x0000027cb4eab980 sp=0x000000a8b5efae00
Event: 0.271 Thread 0x0000027ca4ceb800 DEOPT UNPACKING pc=0x0000027cad407aaf sp=0x000000a8b5efad88 mode 2
Event: 0.849 Thread 0x0000027ca4ceb800 Uncommon trap: trap_request=0xffffff5c fr.pc=0x0000027cb4ec7e80 relative=0x0000000000000060
Event: 0.849 Thread 0x0000027ca4ceb800 Uncommon trap: reason=speculate_null_assert action=make_not_entrant pc=0x0000027cb4ec7e80 method=sun.misc.Unsafe.putLong(Ljava/lang/Object;JJ)V @ 7 c2
Event: 0.849 Thread 0x0000027ca4ceb800 DEOPT PACKING pc=0x0000027cb4ec7e80 sp=0x000000a8b5efebb0
Event: 0.849 Thread 0x0000027ca4ceb800 DEOPT UNPACKING pc=0x0000027cad407aaf sp=0x000000a8b5efeb28 mode 2
Event: 0.855 Thread 0x0000027ca4ceb800 Uncommon trap: trap_request=0xffffff5c fr.pc=0x0000027cb4ec9278 relative=0x0000000000000058
Event: 0.855 Thread 0x0000027ca4ceb800 Uncommon trap: reason=speculate_null_assert action=make_not_entrant pc=0x0000027cb4ec9278 method=sun.misc.Unsafe.getLong(Ljava/lang/Object;J)J @ 5 c2
Event: 0.855 Thread 0x0000027ca4ceb800 DEOPT PACKING pc=0x0000027cb4ec9278 sp=0x000000a8b5efeab0
Event: 0.855 Thread 0x0000027ca4ceb800 DEOPT UNPACKING pc=0x0000027cad407aaf sp=0x000000a8b5efea38 mode 2
Event: 0.935 Thread 0x0000027ca4ceb800 DEOPT PACKING pc=0x0000027cad9ab9ff sp=0x000000a8b5efd680
Event: 0.935 Thread 0x0000027ca4ceb800 DEOPT UNPACKING pc=0x0000027cad4078ce sp=0x000000a8b5efcad0 mode 0
Event: 1.200 Thread 0x0000027ca4ceb800 Uncommon trap: trap_request=0xffffff4d fr.pc=0x0000027cb4ed2af0 relative=0x0000000000000410
Event: 1.200 Thread 0x0000027ca4ceb800 Uncommon trap: reason=unstable_if action=reinterpret pc=0x0000027cb4ed2af0 method=java.util.HashMap.getNode(ILjava/lang/Object;)Ljava/util/HashMap$Node; @ 62 c2
Event: 1.200 Thread 0x0000027ca4ceb800 DEOPT PACKING pc=0x0000027cb4ed2af0 sp=0x000000a8b5efe9f0
Event: 1.200 Thread 0x0000027ca4ceb800 DEOPT UNPACKING pc=0x0000027cad407aaf sp=0x000000a8b5efe910 mode 2
Event: 1.213 Thread 0x0000027ca4ceb800 Uncommon trap: trap_request=0xffffff4d fr.pc=0x0000027cb4ed19c8 relative=0x00000000000001e8
Event: 1.213 Thread 0x0000027ca4ceb800 Uncommon trap: reason=unstable_if action=reinterpret pc=0x0000027cb4ed19c8 method=java.util.HashMap.getNode(ILjava/lang/Object;)Ljava/util/HashMap$Node; @ 62 c2
Event: 1.213 Thread 0x0000027ca4ceb800 DEOPT PACKING pc=0x0000027cb4ed19c8 sp=0x000000a8b5efb7e0
Event: 1.213 Thread 0x0000027ca4ceb800 DEOPT UNPACKING pc=0x0000027cad407aaf sp=0x000000a8b5efb760 mode 2

Classes redefined (0 events):
No events

Internal exceptions (20 events):
Event: 0.325 Thread 0x0000027ca4ceb800 Exception <a 'java/security/PrivilegedActionException'{0x00000007105d71b0}> (0x00000007105d71b0) thrown at [./src/hotspot/share/prims/jvm.cpp, line 1306]
Event: 0.325 Thread 0x0000027ca4ceb800 Exception <a 'java/security/PrivilegedActionException'{0x00000007105d7480}> (0x00000007105d7480) thrown at [./src/hotspot/share/prims/jvm.cpp, line 1306]
Event: 0.325 Thread 0x0000027ca4ceb800 Exception <a 'java/security/PrivilegedActionException'{0x00000007105d9308}> (0x00000007105d9308) thrown at [./src/hotspot/share/prims/jvm.cpp, line 1306]
Event: 0.325 Thread 0x0000027ca4ceb800 Exception <a 'java/security/PrivilegedActionException'{0x00000007105d95d8}> (0x00000007105d95d8) thrown at [./src/hotspot/share/prims/jvm.cpp, line 1306]
Event: 0.325 Thread 0x0000027ca4ceb800 Exception <a 'java/security/PrivilegedActionException'{0x00000007105db6c8}> (0x00000007105db6c8) thrown at [./src/hotspot/share/prims/jvm.cpp, line 1306]
Event: 0.325 Thread 0x0000027ca4ceb800 Exception <a 'java/security/PrivilegedActionException'{0x00000007105db998}> (0x00000007105db998) thrown at [./src/hotspot/share/prims/jvm.cpp, line 1306]
Event: 0.325 Thread 0x0000027ca4ceb800 Exception <a 'java/security/PrivilegedActionException'{0x00000007105dd7c0}> (0x00000007105dd7c0) thrown at [./src/hotspot/share/prims/jvm.cpp, line 1306]
Event: 0.325 Thread 0x0000027ca4ceb800 Exception <a 'java/security/PrivilegedActionException'{0x00000007105dda90}> (0x00000007105dda90) thrown at [./src/hotspot/share/prims/jvm.cpp, line 1306]
Event: 0.344 Thread 0x0000027ca4ceb800 Exception <a 'sun/nio/fs/WindowsException'{0x00000007104c4f50}> (0x00000007104c4f50) thrown at [./src/hotspot/share/prims/jni.cpp, line 615]
Event: 0.344 Thread 0x0000027ca4ceb800 Exception <a 'sun/nio/fs/WindowsException'{0x00000007104c52e0}> (0x00000007104c52e0) thrown at [./src/hotspot/share/prims/jni.cpp, line 615]
Event: 0.772 Thread 0x0000027ca4ceb800 Exception <a 'java/lang/NoSuchMethodError'{0x0000000710342300}: 'void java.lang.invoke.DirectMethodHandle$Holder.invokeStaticInit(java.lang.Object, long, double, double)'> (0x0000000710342300) thrown at [./src/hotspot/share/interpreter/linkResolver.cpp, line 773]
Event: 0.774 Thread 0x0000027ca4ceb800 Exception <a 'java/lang/NoSuchMethodError'{0x0000000710354e90}: 'void java.lang.invoke.DirectMethodHandle$Holder.invokeStaticInit(java.lang.Object, long, int, int, int)'> (0x0000000710354e90) thrown at [./src/hotspot/share/interpreter/linkResolver.cpp, line 773]
Event: 0.779 Thread 0x0000027ca4ceb800 Exception <a 'java/lang/NoSuchMethodError'{0x0000000710375098}: 'void java.lang.invoke.DirectMethodHandle$Holder.invokeStaticInit(java.lang.Object, long, int, int, int, int)'> (0x0000000710375098) thrown at [./src/hotspot/share/interpreter/linkResolver.cpp, line 773]
Event: 0.780 Thread 0x0000027ca4ceb800 Exception <a 'java/lang/NoSuchMethodError'{0x0000000710384bf8}: 'void java.lang.invoke.DirectMethodHandle$Holder.invokeStatic(java.lang.Object, long, int, int)'> (0x0000000710384bf8) thrown at [./src/hotspot/share/interpreter/linkResolver.cpp, line 773]
Event: 0.806 Thread 0x0000027ca4ceb800 Exception <a 'sun/nio/fs/WindowsException'{0x00000007103d5730}> (0x00000007103d5730) thrown at [./src/hotspot/share/prims/jni.cpp, line 615]
Event: 0.806 Thread 0x0000027ca4ceb800 Exception <a 'sun/nio/fs/WindowsException'{0x00000007103d5b08}> (0x00000007103d5b08) thrown at [./src/hotspot/share/prims/jni.cpp, line 615]
Event: 0.810 Thread 0x0000027ca4ceb800 Exception <a 'sun/nio/fs/WindowsException'{0x00000007103ecf20}> (0x00000007103ecf20) thrown at [./src/hotspot/share/prims/jni.cpp, line 615]
Event: 0.810 Thread 0x0000027ca4ceb800 Exception <a 'sun/nio/fs/WindowsException'{0x00000007103ed230}> (0x00000007103ed230) thrown at [./src/hotspot/share/prims/jni.cpp, line 615]
Event: 1.284 Thread 0x0000027ca4ceb800 Exception <a 'sun/nio/fs/WindowsException'{0x00000007100dd4b0}> (0x00000007100dd4b0) thrown at [./src/hotspot/share/prims/jni.cpp, line 615]
Event: 1.284 Thread 0x0000027ca4ceb800 Exception <a 'sun/nio/fs/WindowsException'{0x00000007100dd860}> (0x00000007100dd860) thrown at [./src/hotspot/share/prims/jni.cpp, line 615]

Events (20 events):
Event: 1.648 loading class org/joml/Matrix3x2f
Event: 1.648 loading class org/joml/Matrix3x2f done
Event: 1.649 loading class org/joml/Matrix3x2fc
Event: 1.649 loading class org/joml/Matrix3x2fc done
Event: 1.651 loading class org/joml/Matrix2f
Event: 1.651 loading class org/joml/Matrix2f done
Event: 1.652 loading class org/joml/Matrix2fc
Event: 1.652 loading class org/joml/Matrix2fc done
Event: 1.654 loading class org/joml/Vector4i
Event: 1.654 loading class org/joml/Vector4i done
Event: 1.656 loading class org/joml/Vector3i
Event: 1.656 loading class org/joml/Vector3i done
Event: 1.657 loading class org/joml/Vector2i
Event: 1.657 loading class org/joml/Vector2i done
Event: 1.658 loading class org/joml/Quaternionf
Event: 1.658 loading class org/joml/Quaternionf done
Event: 1.659 loading class org/joml/Quaternionfc
Event: 1.659 loading class org/joml/Quaternionfc done
Event: 1.665 loading class org/joml/Math
Event: 1.665 loading class org/joml/Math done


Dynamic libraries:
0x00007ff7e1300000 - 0x00007ff7e130d000 	C:\Users\Reingalrt\.jdks\corretto-11.0.10\bin\java.exe
0x00007ff86e8d0000 - 0x00007ff86eac6000 	C:\Windows\SYSTEM32\ntdll.dll
0x00007ff86df90000 - 0x00007ff86e04d000 	C:\Windows\System32\KERNEL32.DLL
0x00007ff86c010000 - 0x00007ff86c2d9000 	C:\Windows\System32\KERNELBASE.dll
0x00007ff86c800000 - 0x00007ff86c900000 	C:\Windows\System32\ucrtbase.dll
0x00007ff867b50000 - 0x00007ff867b67000 	C:\Users\Reingalrt\.jdks\corretto-11.0.10\bin\jli.dll
0x00007ff86dc20000 - 0x00007ff86ddc0000 	C:\Windows\System32\USER32.dll
0x00007ff86c500000 - 0x00007ff86c522000 	C:\Windows\System32\win32u.dll
0x00007ff86de00000 - 0x00007ff86de2a000 	C:\Windows\System32\GDI32.dll
0x00007ff86c590000 - 0x00007ff86c69b000 	C:\Windows\System32\gdi32full.dll
0x00007ff86c410000 - 0x00007ff86c4ad000 	C:\Windows\System32\msvcp_win.dll
0x00007ff867b30000 - 0x00007ff867b45000 	C:\Users\Reingalrt\.jdks\corretto-11.0.10\bin\VCRUNTIME140.dll
0x00007ff859e40000 - 0x00007ff85a0db000 	C:\Windows\WinSxS\amd64_microsoft.windows.common-controls_6595b64144ccf1df_6.0.19041.746_none_ca02b4b61b8320a4\COMCTL32.dll
0x00007ff86d100000 - 0x00007ff86d19e000 	C:\Windows\System32\msvcrt.dll
0x00007ff86ddd0000 - 0x00007ff86de00000 	C:\Windows\System32\IMM32.DLL
0x00007ff863b00000 - 0x00007ff863b9b000 	C:\Users\Reingalrt\.jdks\corretto-11.0.10\bin\msvcp140.dll
0x00007ff80d820000 - 0x00007ff80e367000 	C:\Users\Reingalrt\.jdks\corretto-11.0.10\bin\server\jvm.dll
0x00007ff86e0b0000 - 0x00007ff86e15c000 	C:\Windows\System32\ADVAPI32.dll
0x00007ff86e590000 - 0x00007ff86e62c000 	C:\Windows\System32\sechost.dll
0x00007ff86e630000 - 0x00007ff86e75b000 	C:\Windows\System32\RPCRT4.dll
0x00007ff86ddc0000 - 0x00007ff86ddc8000 	C:\Windows\System32\PSAPI.DLL
0x00007ff8583b0000 - 0x00007ff8583b9000 	C:\Windows\SYSTEM32\WSOCK32.dll
0x00007ff86e820000 - 0x00007ff86e88b000 	C:\Windows\System32\WS2_32.dll
0x00007ff862990000 - 0x00007ff8629b7000 	C:\Windows\SYSTEM32\WINMM.dll
0x00007ff866d80000 - 0x00007ff866d8a000 	C:\Windows\SYSTEM32\VERSION.dll
0x00007ff869f80000 - 0x00007ff869f92000 	C:\Windows\SYSTEM32\kernel.appcore.dll
0x00007ff867b20000 - 0x00007ff867b30000 	C:\Users\Reingalrt\.jdks\corretto-11.0.10\bin\verify.dll
0x00007ff856b00000 - 0x00007ff856ce4000 	C:\Windows\SYSTEM32\DBGHELP.DLL
0x00007ff856620000 - 0x00007ff85664c000 	C:\Windows\SYSTEM32\dbgcore.DLL
0x00007ff86c2e0000 - 0x00007ff86c360000 	C:\Windows\System32\bcryptPrimitives.dll
0x00007ff863ad0000 - 0x00007ff863af8000 	C:\Users\Reingalrt\.jdks\corretto-11.0.10\bin\java.dll
0x00007ff864e50000 - 0x00007ff864e5a000 	C:\Users\Reingalrt\.jdks\corretto-11.0.10\bin\jimage.dll
0x00007ff864b90000 - 0x00007ff864ba7000 	C:\Users\Reingalrt\.jdks\corretto-11.0.10\bin\zip.dll
0x00007ff86d470000 - 0x00007ff86dbb2000 	C:\Windows\System32\SHELL32.dll
0x00007ff86a180000 - 0x00007ff86a910000 	C:\Windows\SYSTEM32\windows.storage.dll
0x00007ff86e180000 - 0x00007ff86e4d6000 	C:\Windows\System32\combase.dll
0x00007ff86ba70000 - 0x00007ff86ba9c000 	C:\Windows\SYSTEM32\Wldp.dll
0x00007ff86e4e0000 - 0x00007ff86e58e000 	C:\Windows\System32\SHCORE.dll
0x00007ff86d2e0000 - 0x00007ff86d335000 	C:\Windows\System32\shlwapi.dll
0x00007ff86bf40000 - 0x00007ff86bf66000 	C:\Windows\SYSTEM32\profapi.dll
0x00007ff863ab0000 - 0x00007ff863ac9000 	C:\Users\Reingalrt\.jdks\corretto-11.0.10\bin\net.dll
0x00007ff863620000 - 0x00007ff863720000 	C:\Windows\SYSTEM32\WINHTTP.dll
0x00007ff86b7f0000 - 0x00007ff86b85a000 	C:\Windows\system32\mswsock.dll
0x00007ff863a70000 - 0x00007ff863a82000 	C:\Users\Reingalrt\.jdks\corretto-11.0.10\bin\nio.dll
0x00007ff84eda0000 - 0x00007ff84ee04000 	C:\Users\Reingalrt\AppData\Local\Temp\lwjglReingalrt\3.2.3-build-13\lwjgl.dll
0x00007ff84c570000 - 0x00007ff84c5d2000 	C:\Users\REINGA~1\AppData\Local\Temp\lwjglReingalrt\3.2.3-build-13\glfw.dll
0x00007ff869ac0000 - 0x00007ff869b5e000 	C:\Windows\system32\uxtheme.dll
0x00007ff85d780000 - 0x00007ff85d7c5000 	C:\Windows\SYSTEM32\dinput8.dll
0x00007ff863950000 - 0x00007ff863961000 	C:\Windows\SYSTEM32\xinput1_4.dll
0x00007ff86c4b0000 - 0x00007ff86c4fe000 	C:\Windows\System32\cfgmgr32.dll
0x00007ff86bdb0000 - 0x00007ff86bddc000 	C:\Windows\SYSTEM32\DEVOBJ.dll
0x00007ff869da0000 - 0x00007ff869dcf000 	C:\Windows\SYSTEM32\dwmapi.dll
0x00007ff85fa40000 - 0x00007ff85fb92000 	C:\Windows\SYSTEM32\inputhost.dll
0x00007ff86d1b0000 - 0x00007ff86d27d000 	C:\Windows\System32\OLEAUT32.dll
0x00007ff869660000 - 0x00007ff869752000 	C:\Windows\SYSTEM32\CoreMessaging.dll
0x00007ff868bf0000 - 0x00007ff868d44000 	C:\Windows\SYSTEM32\wintypes.dll
0x00007ff867c60000 - 0x00007ff867d57000 	C:\Windows\SYSTEM32\PROPSYS.dll
0x00007ff8692c0000 - 0x00007ff86961e000 	C:\Windows\SYSTEM32\CoreUIComponents.dll
0x00007ff86ad50000 - 0x00007ff86ad83000 	C:\Windows\SYSTEM32\ntmarta.dll
0x00007ff86cfe0000 - 0x00007ff86d0f5000 	C:\Windows\System32\MSCTF.dll
0x00007ff86a910000 - 0x00007ff86a91d000 	C:\Windows\SYSTEM32\HID.DLL
0x00007ff86c930000 - 0x00007ff86cd97000 	C:\Windows\System32\SETUPAPI.DLL
0x00007ff86c900000 - 0x00007ff86c927000 	C:\Windows\System32\bcrypt.dll
0x00007ff86c530000 - 0x00007ff86c590000 	C:\Windows\System32\WINTRUST.dll
0x00007ff86c6a0000 - 0x00007ff86c7f6000 	C:\Windows\System32\CRYPT32.dll
0x00007ff86bbf0000 - 0x00007ff86bc02000 	C:\Windows\SYSTEM32\MSASN1.dll
0x00007ff84c690000 - 0x00007ff84c7b5000 	C:\Windows\SYSTEM32\opengl32.dll
0x00007ff85fcf0000 - 0x00007ff85fd1c000 	C:\Windows\SYSTEM32\GLU32.dll
0x00007ff86e760000 - 0x00007ff86e809000 	C:\Windows\System32\clbcatq.dll
0x00007ff80ae80000 - 0x00007ff80d819000 	C:\Windows\System32\DriverStore\FileRepository\nv_dispi.inf_amd64_1c83a5d7cffd7bff\nvoglv64.dll
0x00007ff86d340000 - 0x00007ff86d46a000 	C:\Windows\System32\ole32.dll
0x00007ff867dc0000 - 0x00007ff867dd4000 	C:\Windows\SYSTEM32\WTSAPI32.dll
0x00007ff866850000 - 0x00007ff866881000 	C:\Windows\SYSTEM32\cryptnet.dll
0x00007ff86b9c0000 - 0x00007ff86b9cc000 	C:\Windows\SYSTEM32\cryptbase.dll
0x00007ff863c70000 - 0x00007ff863cab000 	C:\Windows\SYSTEM32\dxcore.dll
0x00007ff849e30000 - 0x00007ff849fed000 	C:\Windows\system32\nvspcap64.dll
0x00007ff86b610000 - 0x00007ff86b65b000 	C:\Windows\SYSTEM32\powrprof.dll
0x00007ff86b580000 - 0x00007ff86b592000 	C:\Windows\SYSTEM32\UMPDC.dll
0x00007ff86b300000 - 0x00007ff86b35a000 	C:\Windows\SYSTEM32\WINSTA.dll
0x00007ff860990000 - 0x00007ff860a8b000 	C:\Windows\SYSTEM32\textinputframework.dll
0x00007ff843600000 - 0x00007ff843659000 	C:\Users\Reingalrt\AppData\Local\Temp\lwjglReingalrt\3.2.3-build-13\lwjgl_opengl.dll
0x000000006f6c0000 - 0x000000006f872000 	C:\Users\Reingalrt\AppData\Local\Temp\imgui-java-bin_Reingalrt\imgui-java64.dll
0x00007ff86b9d0000 - 0x00007ff86b9e8000 	C:\Windows\SYSTEM32\CRYPTSP.dll
0x00007ff86b0c0000 - 0x00007ff86b0f4000 	C:\Windows\system32\rsaenh.dll
0x00007ff843580000 - 0x00007ff8435f7000 	C:\Users\Reingalrt\AppData\Local\Temp\lwjglReingalrt\3.2.3-build-13\lwjgl_stb.dll

dbghelp: loaded successfully - version: 4.0.5 - missing functions: none
symbol engine: initialized successfully - sym options: 0x614 - pdb path: .;C:\Users\Reingalrt\.jdks\corretto-11.0.10\bin;C:\Windows\SYSTEM32;C:\Windows\WinSxS\amd64_microsoft.windows.common-controls_6595b64144ccf1df_6.0.19041.746_none_ca02b4b61b8320a4;C:\Users\Reingalrt\.jdks\corretto-11.0.10\bin\server;C:\Users\Reingalrt\AppData\Local\Temp\lwjglReingalrt\3.2.3-build-13;C:\Users\REINGA~1\AppData\Local\Temp\lwjglReingalrt\3.2.3-build-13;C:\Windows\System32\DriverStore\FileRepository\nv_dispi.inf_amd64_1c83a5d7cffd7bff;C:\Users\Reingalrt\AppData\Local\Temp\imgui-java-bin_Reingalrt

VM Arguments:
jvm_args: -Dfile.encoding=windows-1252 -Duser.country=ID -Duser.language=en -Duser.variant 
java_command: Main
java_class_path (initial): W:\Development\Metal-jv\build\classes\java\main;W:\Development\Metal-jv\build\resources\main;C:\Users\Reingalrt\.gradle\caches\modules-2\files-2.1\io.imgui.java\lwjgl3\1.76-0.9\e59d2c987f7992b35f69f83e3554590de40c7e79\lwjgl3-1.76-0.9.jar;C:\Users\Reingalrt\.gradle\caches\modules-2\files-2.1\io.imgui.java\binding\1.76-0.9\26b8c5547da3642e214d9ace5a6c624e1ed315b7\binding-1.76-0.9.jar;C:\Users\Reingalrt\.gradle\caches\modules-2\files-2.1\com.google.code.gson\gson\2.8.6\9180733b7df8542621dc12e21e87557e8c99b8cb\gson-2.8.6.jar;C:\Users\Reingalrt\.gradle\caches\modules-2\files-2.1\org.lwjgl\lwjgl-assimp\3.2.3\f62aa07a20afbdd3097efc296c4841e0d29700eb\lwjgl-assimp-3.2.3.jar;C:\Users\Reingalrt\.gradle\caches\modules-2\files-2.1\org.lwjgl\lwjgl-assimp\3.2.3\4e60aeb75f0343c4a9ede4ef8b6b32ca702a00a3\lwjgl-assimp-3.2.3-natives-windows.jar;C:\Users\Reingalrt\.gradle\caches\modules-2\files-2.1\org.lwjgl\lwjgl-glfw\3.2.3\5e520d5c290c8b012545a8d34fa5db5ab051ea53\lwjgl-glfw-3.2.3.jar;C:\Users\Reingalrt\.gradle\caches\modules-2\files-2.1\org.lwjgl\lwjgl-glfw\3.2.3\b4d8a3477cdc2edcf7a5f1e822926be846223f54\lwjgl-glfw-3.2.3-natives-windows.jar;C:\Users\Reingalrt\.gradle\caches\modules-2\files-2.1\org.lwjgl\lwjgl-nfd\3.2.3\c44fee1043c022cf6614a28872d44cf114ca7737\lwjgl-nfd-3.2.3.jar;C:\Users\Reingalrt\.gradle\caches\modules-2\files-2.1\org.lwjgl\lwjgl-nfd\3.2.3\32782f5f5c57769efb82af864e70b819c77bc891\lwjgl-nfd-3.2.3-natives-windows.jar;C:\Users\Reingalrt\.gradle\caches\modules-2\files-2.1\org.lwjgl\lwjgl-openal\3.2.3\106742e805803ab9eab8e343f0fb31a3d263903c\lwjgl-openal-3.2.3.jar;C:\Users\Reingalrt\.gradle\caches\modules-2\files-2.1\org.lwjgl\lwjgl-openal\3.2.3\ec898e8ce11b5886f4f532a1536283ef2817758d\lwjgl-openal-3.2.3-natives-windows.jar;C:\Users\Reingalrt\.gradle\caches\modules-2\files-2.1\org.lwjgl\lwjgl-opengl\3.2.3\bdd534a323d0c8f54969b95e424b6ac8984f7d6e\lwjgl-opengl-3.2.3.jar;C:\Users\Reingalrt\.gradle\caches\modules-2\files-2.1\org.lwjgl\lwjgl-opengl\
Launcher Type: SUN_STANDARD

[Global flags]
     intx CICompilerCount                          = 3                                         {product} {ergonomic}
     uint ConcGCThreads                            = 1                                         {product} {ergonomic}
     uint G1ConcRefinementThreads                  = 4                                         {product} {ergonomic}
   size_t G1HeapRegionSize                         = 1048576                                   {product} {ergonomic}
    uintx GCDrainStackTargetSize                   = 64                                        {product} {ergonomic}
   size_t InitialHeapSize                          = 268435456                                 {product} {ergonomic}
   size_t MarkStackSize                            = 4194304                                   {product} {ergonomic}
   size_t MaxHeapSize                              = 4284481536                                {product} {ergonomic}
   size_t MaxNewSize                               = 2570059776                                {product} {ergonomic}
   size_t MinHeapDeltaBytes                        = 1048576                                   {product} {ergonomic}
    uintx NonNMethodCodeHeapSize                   = 5830732                                {pd product} {ergonomic}
    uintx NonProfiledCodeHeapSize                  = 122913754                              {pd product} {ergonomic}
    uintx ProfiledCodeHeapSize                     = 122913754                              {pd product} {ergonomic}
    uintx ReservedCodeCacheSize                    = 251658240                              {pd product} {ergonomic}
     bool SegmentedCodeCache                       = true                                      {product} {ergonomic}
     bool UseCompressedClassPointers               = true                                 {lp64_product} {ergonomic}
     bool UseCompressedOops                        = true                                 {lp64_product} {ergonomic}
     bool UseG1GC                                  = true                                      {product} {ergonomic}
     bool UseLargePagesIndividualAllocation        = false                                  {pd product} {ergonomic}

Logging:
Log output configuration:
 #0: stdout all=warning uptime,level,tags
 #1: stderr all=off uptime,level,tags

Environment Variables:
JAVA_HOME=W:\NVPACK\jdk1.8.0_77
PATH=C:\ProgramData\Oracle\Java\javapath;C:\Windows\system32;C:\Windows;C:\Windows\System32\Wbem;C:\Windows\System32\WindowsPowerShell\v1.0\;C:\Windows\System32\OpenSSH\;C:\Program Files\Git\cmd;I:\Program Files (x86)\EaseUS\Todo Backup\bin;C:\Program Files (x86)\NVIDIA Corporation\PhysX\Common;C:\Program Files (x86)\EaseUS\Todo Backup\bin;C:\Program Files\dotnet\;C:\Program Files\Geth;C:\Program Files\BeefLang\bin;W:\NVPACK\android-sdk-windows\build-tools;W:\NVPACK\android-sdk-windows\platform-tools;W:\NVPACK\android-sdk-windows\extras\android\support;W:\NVPACK\android-sdk-windows\tools;W:\NVPACK\gradle-4.4.1\bin;W:\NVPACK\jdk1.8.0_77\bin;W:\NVPACK\android-ndk-r18b;C:\Users\Reingalrt\AppData\Local\Microsoft\WindowsApps;C:\Users\Reingalrt\development\flutter\bin;G:\Program Files\Java\jdk1.8.0_161\bin;C:\MinGW\bin;C:\Users\Reingalrt\development\flutter\bin\cache\dart-sdk\bin;C:\Users\Reingalrt\AppData\Local\Programs\Microsoft VS Code\bin;C:\Users\Reingalrt\Downloads\bootstrapper;C:\Program Files\CMake\bin;W:\Program Files\JetBrains\IntelliJ IDEA Community Edition 2020.3.3\bin;;
USERNAME=Reingalrt
OS=Windows_NT
PROCESSOR_IDENTIFIER=Intel64 Family 6 Model 42 Stepping 7, GenuineIntel



---------------  S Y S T E M  ---------------

OS: Windows 10 , 64 bit Build 19041 (10.0.19041.804)
OS uptime: 1 days 10:27 hours

CPU:total 4 (initial active 4) (4 cores per cpu, 1 threads per core) family 6 model 42 stepping 7 microcode 0x2f, cmov, cx8, fxsr, mmx, sse, sse2, sse3, ssse3, sse4.1, sse4.2, popcnt, avx, aes, clmul, tsc, tscinvbit

Memory: 4k page, system-wide physical 16336M (6957M free)
TotalPageFile size 30073M (AvailPageFile size 16497M)
current process WorkingSet (physical memory assigned to process): 164M, peak: 165M
current process commit charge ("private bytes"): 459M, peak: 461M

vm_info: OpenJDK 64-Bit Server VM (11.0.10+9-LTS) for windows-amd64 JRE (11.0.10+9-LTS), built on Jan 12 2021 22:37:55 by "Administrator" with MS VC++ 15.9 (VS2017)

END.
