#
# A fatal error has been detected by the Java Runtime Environment:
#
#  EXCEPTION_ACCESS_VIOLATION (0xc0000005) at pc=0x00007ffbf5851b65, pid=6268, tid=11616
#
# JRE version: Java(TM) SE Runtime Environment 18.9 (11.0.10+8) (build 11.0.10+8-LTS-162)
# Java VM: Java HotSpot(TM) 64-Bit Server VM 18.9 (11.0.10+8-LTS-162, mixed mode, tiered, compressed oops, g1 gc, windows-amd64)
# Problematic frame:
# C  [glfw.dll+0x1b65]
#
# No core dump will be written. Minidumps are not enabled by default on client versions of Windows
#
# If you would like to submit a bug report, please visit:
#   https://bugreport.java.com/bugreport/crash.jsp
# The crash happened outside the Java Virtual Machine in native code.
# See problematic frame for where to report the bug.
#

---------------  S U M M A R Y ------------

Command Line: -javaagent:G:\Program Files\JetBrains\IntelliJ IDEA 2020.3.3\lib\idea_rt.jar=59472:G:\Program Files\JetBrains\IntelliJ IDEA 2020.3.3\bin -Dfile.encoding=UTF-8 Main

Host: Intel(R) Core(TM) i3-4170 CPU @ 3.70GHz, 4 cores, 15G,  Windows 10 , 64 bit Build 19041 (10.0.19041.804)
Time: Sun Mar 21 02:12:14 2021 SE Asia Standard Time elapsed time: 3.235732 seconds (0d 0h 0m 3s)

---------------  T H R E A D  ---------------

Current thread (0x0000022c64840800):  JavaThread "main" [_thread_in_native, id=11616, stack(0x000000e734200000,0x000000e734300000)]

Stack: [0x000000e734200000,0x000000e734300000],  sp=0x000000e7342ff178,  free space=1020k
Native frames: (J=compiled Java code, j=interpreted, Vv=VM code, C=native code)
C  [glfw.dll+0x1b65]

Java frames: (J=compiled Java code, j=interpreted, Vv=VM code)
j  org.lwjgl.system.JNI.invokePV(JJ)V+0
j  org.lwjgl.glfw.GLFW.glfwSwapBuffers(J)V+17
j  Core.Window.init()V+95
j  Core.Window.run()V+6
j  Main.main([Ljava/lang/String;)V+5
v  ~StubRoutines::call_stub

siginfo: EXCEPTION_ACCESS_VIOLATION (0xc0000005), reading address 0x00000000000001f9


Register to memory mapping:

RIP=0x00007ffbf5851b65 glfw.dll
RAX=0x00007ffbf58c1b10 lwjgl.dll
RBX={method} {0x0000022c08fc02c8} 'invokePV' '(JJ)V' in 'org/lwjgl/system/JNI'
RCX=0x0000000000000001 is an unknown value
RDX=0x000000e7342ff218 is pointing into the stack for thread: 0x0000022c64840800
RSP=0x000000e7342ff178 is pointing into the stack for thread: 0x0000022c64840800
RBP=0x000000e7342ff208 is pointing into the stack for thread: 0x0000022c64840800
RSI=0x0 is NULL
RDI=0x0000022c6ccda127 is at code_begin+2343 in an Interpreter codelet
invoke return entry points  [0x0000022c6ccd9800, 0x0000022c6ccda200]  2560 bytes
R8 =0x0000000000000001 is an unknown value
R9 =0x00007ffbf5851b50 glfw.dll
R10=0x0000022c6ccdf348 is at code_begin+1000 in an Interpreter codelet
method entry point (kind = native)  [0x0000022c6ccdef60, 0x0000022c6ccdfa00]  2720 bytes
R11=0x000000071102a108 is an oop: java.lang.Class 
{0x000000071102a108} - klass: 'java/lang/Class'
R12=0x0 is NULL
R13={method} {0x0000022c08fc02c8} 'invokePV' '(JJ)V' in 'org/lwjgl/system/JNI'
R14=0x000000e7342ff240 is pointing into the stack for thread: 0x0000022c64840800
R15=0x0000022c64840800 is a thread


Registers:
RAX=0x00007ffbf58c1b10, RBX=0x0000022c08fc02c0, RCX=0x0000000000000001, RDX=0x000000e7342ff218
RSP=0x000000e7342ff178, RBP=0x000000e7342ff208, RSI=0x0000000000000000, RDI=0x0000022c6ccda127
R8 =0x0000000000000001, R9 =0x00007ffbf5851b50, R10=0x0000022c6ccdf348, R11=0x000000071102a108
R12=0x0000000000000000, R13=0x0000022c08fc02c0, R14=0x000000e7342ff240, R15=0x0000022c64840800
RIP=0x00007ffbf5851b65, EFLAGS=0x0000000000010202

Top of Stack: (sp=0x000000e7342ff178)
0x000000e7342ff178:   0000022c6ccdf377 000000e7342ff1d0
0x000000e7342ff188:   0000000000000000 0000022c64840800
0x000000e7342ff198:   0000022c08fc02c0 0000022c6ccda127
0x000000e7342ff1a8:   0000022c6ccde319 0000022c0863cf30
0x000000e7342ff1b8:   0000000000000000 000000e7342ff1c0
0x000000e7342ff1c8:   0000000000000000 000000e7342ff240
0x000000e7342ff1d8:   0000022c08febb90 0000000000000000
0x000000e7342ff1e8:   000000071102a108 0000022c08fc02c0
0x000000e7342ff1f8:   0000000000000000 000000e7342ff228
0x000000e7342ff208:   000000e7342ff290 0000022c6ccda127
0x000000e7342ff218:   000000071102a108 0000022c6ccdc2f8
0x000000e7342ff228:   00007ffbf5851b50 0000000000000000
0x000000e7342ff238:   0000000000000001 0000000000000000
0x000000e7342ff248:   000000e7342ff248 0000022c08fa4029
0x000000e7342ff258:   000000e7342ff2b8 0000022c08fa7f88
0x000000e7342ff268:   0000000000000000 000000071117bca8 

Instructions: (pc=0x00007ffbf5851b65)
0x00007ffbf5851b45:   cc cc cc cc cc cc cc cc cc cc cc 83 3d 99 5f 05
0x00007ffbf5851b55:   00 00 75 0c 33 d2 b9 01 00 01 00 e9 fb 00 00 00
0x00007ffbf5851b65:   83 b9 f8 01 00 00 00 75 11 48 8d 15 db 7e 02 00
0x00007ffbf5851b75:   b9 0a 00 01 00 e9 e1 00 00 00 48 ff a1 48 02 00 


Stack slot to memory mapping:
stack at sp + 0 slots: 0x0000022c6ccdf377 is at code_begin+1047 in an Interpreter codelet
method entry point (kind = native)  [0x0000022c6ccdef60, 0x0000022c6ccdfa00]  2720 bytes
stack at sp + 1 slots: 0x000000e7342ff1d0 is pointing into the stack for thread: 0x0000022c64840800
stack at sp + 2 slots: 0x0 is NULL
stack at sp + 3 slots: 0x0000022c64840800 is a thread
stack at sp + 4 slots: {method} {0x0000022c08fc02c8} 'invokePV' '(JJ)V' in 'org/lwjgl/system/JNI'
stack at sp + 5 slots: 0x0000022c6ccda127 is at code_begin+2343 in an Interpreter codelet
invoke return entry points  [0x0000022c6ccd9800, 0x0000022c6ccda200]  2560 bytes
stack at sp + 6 slots: 0x0000022c6ccde319 is at code_begin+1145 in an Interpreter codelet
method entry point (kind = zerolocals)  [0x0000022c6ccddea0, 0x0000022c6ccde3a0]  1280 bytes
stack at sp + 7 slots: {method} {0x0000022c0863cf38} 'check' '(J)J' in 'org/lwjgl/system/Checks'


---------------  P R O C E S S  ---------------

Threads class SMR info:
_java_thread_list=0x0000022c7fcacf70, length=11, elements={
0x0000022c64840800, 0x0000022c7fa47000, 0x0000022c7fa6a800, 0x0000022c7facc000,
0x0000022c7facd000, 0x0000022c7fad1000, 0x0000022c7fb3e800, 0x0000022c7fb41000,
0x0000022c7f9fe000, 0x0000022c08786800, 0x0000022c08787800
}

Java Threads: ( => current thread )
=>0x0000022c64840800 JavaThread "main" [_thread_in_native, id=11616, stack(0x000000e734200000,0x000000e734300000)]
  0x0000022c7fa47000 JavaThread "Reference Handler" daemon [_thread_blocked, id=11084, stack(0x000000e734900000,0x000000e734a00000)]
  0x0000022c7fa6a800 JavaThread "Finalizer" daemon [_thread_blocked, id=7508, stack(0x000000e734a00000,0x000000e734b00000)]
  0x0000022c7facc000 JavaThread "Signal Dispatcher" daemon [_thread_blocked, id=7720, stack(0x000000e734b00000,0x000000e734c00000)]
  0x0000022c7facd000 JavaThread "Attach Listener" daemon [_thread_blocked, id=10572, stack(0x000000e734c00000,0x000000e734d00000)]
  0x0000022c7fad1000 JavaThread "C2 CompilerThread0" daemon [_thread_blocked, id=16052, stack(0x000000e734d00000,0x000000e734e00000)]
  0x0000022c7fb3e800 JavaThread "C1 CompilerThread0" daemon [_thread_blocked, id=4000, stack(0x000000e734e00000,0x000000e734f00000)]
  0x0000022c7fb41000 JavaThread "Sweeper thread" daemon [_thread_blocked, id=15844, stack(0x000000e734f00000,0x000000e735000000)]
  0x0000022c7f9fe000 JavaThread "Common-Cleaner" daemon [_thread_blocked, id=3460, stack(0x000000e735000000,0x000000e735100000)]
  0x0000022c08786800 JavaThread "Monitor Ctrl-Break" daemon [_thread_in_native, id=6056, stack(0x000000e735100000,0x000000e735200000)]
  0x0000022c08787800 JavaThread "Service Thread" daemon [_thread_blocked, id=8612, stack(0x000000e735200000,0x000000e735300000)]

Other Threads:
  0x0000022c7fa43800 VMThread "VM Thread" [stack: 0x000000e734800000,0x000000e734900000] [id=11148]
  0x0000022c08792800 WatcherThread [stack: 0x000000e735300000,0x000000e735400000] [id=8696]
  0x0000022c64856800 GCTaskThread "GC Thread#0" [stack: 0x000000e734300000,0x000000e734400000] [id=11368]
  0x0000022c648ad000 ConcurrentGCThread "G1 Main Marker" [stack: 0x000000e734400000,0x000000e734500000] [id=776]
  0x0000022c648af000 ConcurrentGCThread "G1 Conc#0" [stack: 0x000000e734500000,0x000000e734600000] [id=14200]
  0x0000022c7f8a5800 ConcurrentGCThread "G1 Refine#0" [stack: 0x000000e734600000,0x000000e734700000] [id=2568]
  0x0000022c7f8a6000 ConcurrentGCThread "G1 Young RemSet Sampling" [stack: 0x000000e734700000,0x000000e734800000] [id=16244]

Threads with active compile tasks:

VM state:not at safepoint (normal execution)

VM Mutex/Monitor currently owned by a thread: None

Heap address: 0x0000000701800000, size: 4072 MB, Compressed Oops mode: Zero based, Oop shift amount: 3
Narrow klass base: 0x0000000800000000, Narrow klass shift: 0
Compressed class space size: 1073741824 Address: 0x0000000800000000

Heap:
 garbage-first heap   total 262144K, used 7168K [0x0000000701800000, 0x0000000800000000)
  region size 1024K, 8 young (8192K), 0 survivors (0K)
 Metaspace       used 9675K, capacity 9794K, committed 9984K, reserved 1058816K
  class space    used 837K, capacity 902K, committed 1024K, reserved 1048576K
Heap Regions: E=young(eden), S=young(survivor), O=old, HS=humongous(starts), HC=humongous(continues), CS=collection set, F=free, A=archive, TAMS=top-at-mark-start (previous, next)
|   0|0x0000000701800000, 0x0000000701800000, 0x0000000701900000|  0%| F|  |TAMS 0x0000000701800000, 0x0000000701800000| Untracked 
|   1|0x0000000701900000, 0x0000000701900000, 0x0000000701a00000|  0%| F|  |TAMS 0x0000000701900000, 0x0000000701900000| Untracked 
|   2|0x0000000701a00000, 0x0000000701a00000, 0x0000000701b00000|  0%| F|  |TAMS 0x0000000701a00000, 0x0000000701a00000| Untracked 
|   3|0x0000000701b00000, 0x0000000701b00000, 0x0000000701c00000|  0%| F|  |TAMS 0x0000000701b00000, 0x0000000701b00000| Untracked 
|   4|0x0000000701c00000, 0x0000000701c00000, 0x0000000701d00000|  0%| F|  |TAMS 0x0000000701c00000, 0x0000000701c00000| Untracked 
|   5|0x0000000701d00000, 0x0000000701d00000, 0x0000000701e00000|  0%| F|  |TAMS 0x0000000701d00000, 0x0000000701d00000| Untracked 
|   6|0x0000000701e00000, 0x0000000701e00000, 0x0000000701f00000|  0%| F|  |TAMS 0x0000000701e00000, 0x0000000701e00000| Untracked 
|   7|0x0000000701f00000, 0x0000000701f00000, 0x0000000702000000|  0%| F|  |TAMS 0x0000000701f00000, 0x0000000701f00000| Untracked 
|   8|0x0000000702000000, 0x0000000702000000, 0x0000000702100000|  0%| F|  |TAMS 0x0000000702000000, 0x0000000702000000| Untracked 
|   9|0x0000000702100000, 0x0000000702100000, 0x0000000702200000|  0%| F|  |TAMS 0x0000000702100000, 0x0000000702100000| Untracked 
|  10|0x0000000702200000, 0x0000000702200000, 0x0000000702300000|  0%| F|  |TAMS 0x0000000702200000, 0x0000000702200000| Untracked 
|  11|0x0000000702300000, 0x0000000702300000, 0x0000000702400000|  0%| F|  |TAMS 0x0000000702300000, 0x0000000702300000| Untracked 
|  12|0x0000000702400000, 0x0000000702400000, 0x0000000702500000|  0%| F|  |TAMS 0x0000000702400000, 0x0000000702400000| Untracked 
|  13|0x0000000702500000, 0x0000000702500000, 0x0000000702600000|  0%| F|  |TAMS 0x0000000702500000, 0x0000000702500000| Untracked 
|  14|0x0000000702600000, 0x0000000702600000, 0x0000000702700000|  0%| F|  |TAMS 0x0000000702600000, 0x0000000702600000| Untracked 
|  15|0x0000000702700000, 0x0000000702700000, 0x0000000702800000|  0%| F|  |TAMS 0x0000000702700000, 0x0000000702700000| Untracked 
|  16|0x0000000702800000, 0x0000000702800000, 0x0000000702900000|  0%| F|  |TAMS 0x0000000702800000, 0x0000000702800000| Untracked 
|  17|0x0000000702900000, 0x0000000702900000, 0x0000000702a00000|  0%| F|  |TAMS 0x0000000702900000, 0x0000000702900000| Untracked 
|  18|0x0000000702a00000, 0x0000000702a00000, 0x0000000702b00000|  0%| F|  |TAMS 0x0000000702a00000, 0x0000000702a00000| Untracked 
|  19|0x0000000702b00000, 0x0000000702b00000, 0x0000000702c00000|  0%| F|  |TAMS 0x0000000702b00000, 0x0000000702b00000| Untracked 
|  20|0x0000000702c00000, 0x0000000702c00000, 0x0000000702d00000|  0%| F|  |TAMS 0x0000000702c00000, 0x0000000702c00000| Untracked 
|  21|0x0000000702d00000, 0x0000000702d00000, 0x0000000702e00000|  0%| F|  |TAMS 0x0000000702d00000, 0x0000000702d00000| Untracked 
|  22|0x0000000702e00000, 0x0000000702e00000, 0x0000000702f00000|  0%| F|  |TAMS 0x0000000702e00000, 0x0000000702e00000| Untracked 
|  23|0x0000000702f00000, 0x0000000702f00000, 0x0000000703000000|  0%| F|  |TAMS 0x0000000702f00000, 0x0000000702f00000| Untracked 
|  24|0x0000000703000000, 0x0000000703000000, 0x0000000703100000|  0%| F|  |TAMS 0x0000000703000000, 0x0000000703000000| Untracked 
|  25|0x0000000703100000, 0x0000000703100000, 0x0000000703200000|  0%| F|  |TAMS 0x0000000703100000, 0x0000000703100000| Untracked 
|  26|0x0000000703200000, 0x0000000703200000, 0x0000000703300000|  0%| F|  |TAMS 0x0000000703200000, 0x0000000703200000| Untracked 
|  27|0x0000000703300000, 0x0000000703300000, 0x0000000703400000|  0%| F|  |TAMS 0x0000000703300000, 0x0000000703300000| Untracked 
|  28|0x0000000703400000, 0x0000000703400000, 0x0000000703500000|  0%| F|  |TAMS 0x0000000703400000, 0x0000000703400000| Untracked 
|  29|0x0000000703500000, 0x0000000703500000, 0x0000000703600000|  0%| F|  |TAMS 0x0000000703500000, 0x0000000703500000| Untracked 
|  30|0x0000000703600000, 0x0000000703600000, 0x0000000703700000|  0%| F|  |TAMS 0x0000000703600000, 0x0000000703600000| Untracked 
|  31|0x0000000703700000, 0x0000000703700000, 0x0000000703800000|  0%| F|  |TAMS 0x0000000703700000, 0x0000000703700000| Untracked 
|  32|0x0000000703800000, 0x0000000703800000, 0x0000000703900000|  0%| F|  |TAMS 0x0000000703800000, 0x0000000703800000| Untracked 
|  33|0x0000000703900000, 0x0000000703900000, 0x0000000703a00000|  0%| F|  |TAMS 0x0000000703900000, 0x0000000703900000| Untracked 
|  34|0x0000000703a00000, 0x0000000703a00000, 0x0000000703b00000|  0%| F|  |TAMS 0x0000000703a00000, 0x0000000703a00000| Untracked 
|  35|0x0000000703b00000, 0x0000000703b00000, 0x0000000703c00000|  0%| F|  |TAMS 0x0000000703b00000, 0x0000000703b00000| Untracked 
|  36|0x0000000703c00000, 0x0000000703c00000, 0x0000000703d00000|  0%| F|  |TAMS 0x0000000703c00000, 0x0000000703c00000| Untracked 
|  37|0x0000000703d00000, 0x0000000703d00000, 0x0000000703e00000|  0%| F|  |TAMS 0x0000000703d00000, 0x0000000703d00000| Untracked 
|  38|0x0000000703e00000, 0x0000000703e00000, 0x0000000703f00000|  0%| F|  |TAMS 0x0000000703e00000, 0x0000000703e00000| Untracked 
|  39|0x0000000703f00000, 0x0000000703f00000, 0x0000000704000000|  0%| F|  |TAMS 0x0000000703f00000, 0x0000000703f00000| Untracked 
|  40|0x0000000704000000, 0x0000000704000000, 0x0000000704100000|  0%| F|  |TAMS 0x0000000704000000, 0x0000000704000000| Untracked 
|  41|0x0000000704100000, 0x0000000704100000, 0x0000000704200000|  0%| F|  |TAMS 0x0000000704100000, 0x0000000704100000| Untracked 
|  42|0x0000000704200000, 0x0000000704200000, 0x0000000704300000|  0%| F|  |TAMS 0x0000000704200000, 0x0000000704200000| Untracked 
|  43|0x0000000704300000, 0x0000000704300000, 0x0000000704400000|  0%| F|  |TAMS 0x0000000704300000, 0x0000000704300000| Untracked 
|  44|0x0000000704400000, 0x0000000704400000, 0x0000000704500000|  0%| F|  |TAMS 0x0000000704400000, 0x0000000704400000| Untracked 
|  45|0x0000000704500000, 0x0000000704500000, 0x0000000704600000|  0%| F|  |TAMS 0x0000000704500000, 0x0000000704500000| Untracked 
|  46|0x0000000704600000, 0x0000000704600000, 0x0000000704700000|  0%| F|  |TAMS 0x0000000704600000, 0x0000000704600000| Untracked 
|  47|0x0000000704700000, 0x0000000704700000, 0x0000000704800000|  0%| F|  |TAMS 0x0000000704700000, 0x0000000704700000| Untracked 
|  48|0x0000000704800000, 0x0000000704800000, 0x0000000704900000|  0%| F|  |TAMS 0x0000000704800000, 0x0000000704800000| Untracked 
|  49|0x0000000704900000, 0x0000000704900000, 0x0000000704a00000|  0%| F|  |TAMS 0x0000000704900000, 0x0000000704900000| Untracked 
|  50|0x0000000704a00000, 0x0000000704a00000, 0x0000000704b00000|  0%| F|  |TAMS 0x0000000704a00000, 0x0000000704a00000| Untracked 
|  51|0x0000000704b00000, 0x0000000704b00000, 0x0000000704c00000|  0%| F|  |TAMS 0x0000000704b00000, 0x0000000704b00000| Untracked 
|  52|0x0000000704c00000, 0x0000000704c00000, 0x0000000704d00000|  0%| F|  |TAMS 0x0000000704c00000, 0x0000000704c00000| Untracked 
|  53|0x0000000704d00000, 0x0000000704d00000, 0x0000000704e00000|  0%| F|  |TAMS 0x0000000704d00000, 0x0000000704d00000| Untracked 
|  54|0x0000000704e00000, 0x0000000704e00000, 0x0000000704f00000|  0%| F|  |TAMS 0x0000000704e00000, 0x0000000704e00000| Untracked 
|  55|0x0000000704f00000, 0x0000000704f00000, 0x0000000705000000|  0%| F|  |TAMS 0x0000000704f00000, 0x0000000704f00000| Untracked 
|  56|0x0000000705000000, 0x0000000705000000, 0x0000000705100000|  0%| F|  |TAMS 0x0000000705000000, 0x0000000705000000| Untracked 
|  57|0x0000000705100000, 0x0000000705100000, 0x0000000705200000|  0%| F|  |TAMS 0x0000000705100000, 0x0000000705100000| Untracked 
|  58|0x0000000705200000, 0x0000000705200000, 0x0000000705300000|  0%| F|  |TAMS 0x0000000705200000, 0x0000000705200000| Untracked 
|  59|0x0000000705300000, 0x0000000705300000, 0x0000000705400000|  0%| F|  |TAMS 0x0000000705300000, 0x0000000705300000| Untracked 
|  60|0x0000000705400000, 0x0000000705400000, 0x0000000705500000|  0%| F|  |TAMS 0x0000000705400000, 0x0000000705400000| Untracked 
|  61|0x0000000705500000, 0x0000000705500000, 0x0000000705600000|  0%| F|  |TAMS 0x0000000705500000, 0x0000000705500000| Untracked 
|  62|0x0000000705600000, 0x0000000705600000, 0x0000000705700000|  0%| F|  |TAMS 0x0000000705600000, 0x0000000705600000| Untracked 
|  63|0x0000000705700000, 0x0000000705700000, 0x0000000705800000|  0%| F|  |TAMS 0x0000000705700000, 0x0000000705700000| Untracked 
|  64|0x0000000705800000, 0x0000000705800000, 0x0000000705900000|  0%| F|  |TAMS 0x0000000705800000, 0x0000000705800000| Untracked 
|  65|0x0000000705900000, 0x0000000705900000, 0x0000000705a00000|  0%| F|  |TAMS 0x0000000705900000, 0x0000000705900000| Untracked 
|  66|0x0000000705a00000, 0x0000000705a00000, 0x0000000705b00000|  0%| F|  |TAMS 0x0000000705a00000, 0x0000000705a00000| Untracked 
|  67|0x0000000705b00000, 0x0000000705b00000, 0x0000000705c00000|  0%| F|  |TAMS 0x0000000705b00000, 0x0000000705b00000| Untracked 
|  68|0x0000000705c00000, 0x0000000705c00000, 0x0000000705d00000|  0%| F|  |TAMS 0x0000000705c00000, 0x0000000705c00000| Untracked 
|  69|0x0000000705d00000, 0x0000000705d00000, 0x0000000705e00000|  0%| F|  |TAMS 0x0000000705d00000, 0x0000000705d00000| Untracked 
|  70|0x0000000705e00000, 0x0000000705e00000, 0x0000000705f00000|  0%| F|  |TAMS 0x0000000705e00000, 0x0000000705e00000| Untracked 
|  71|0x0000000705f00000, 0x0000000705f00000, 0x0000000706000000|  0%| F|  |TAMS 0x0000000705f00000, 0x0000000705f00000| Untracked 
|  72|0x0000000706000000, 0x0000000706000000, 0x0000000706100000|  0%| F|  |TAMS 0x0000000706000000, 0x0000000706000000| Untracked 
|  73|0x0000000706100000, 0x0000000706100000, 0x0000000706200000|  0%| F|  |TAMS 0x0000000706100000, 0x0000000706100000| Untracked 
|  74|0x0000000706200000, 0x0000000706200000, 0x0000000706300000|  0%| F|  |TAMS 0x0000000706200000, 0x0000000706200000| Untracked 
|  75|0x0000000706300000, 0x0000000706300000, 0x0000000706400000|  0%| F|  |TAMS 0x0000000706300000, 0x0000000706300000| Untracked 
|  76|0x0000000706400000, 0x0000000706400000, 0x0000000706500000|  0%| F|  |TAMS 0x0000000706400000, 0x0000000706400000| Untracked 
|  77|0x0000000706500000, 0x0000000706500000, 0x0000000706600000|  0%| F|  |TAMS 0x0000000706500000, 0x0000000706500000| Untracked 
|  78|0x0000000706600000, 0x0000000706600000, 0x0000000706700000|  0%| F|  |TAMS 0x0000000706600000, 0x0000000706600000| Untracked 
|  79|0x0000000706700000, 0x0000000706700000, 0x0000000706800000|  0%| F|  |TAMS 0x0000000706700000, 0x0000000706700000| Untracked 
|  80|0x0000000706800000, 0x0000000706800000, 0x0000000706900000|  0%| F|  |TAMS 0x0000000706800000, 0x0000000706800000| Untracked 
|  81|0x0000000706900000, 0x0000000706900000, 0x0000000706a00000|  0%| F|  |TAMS 0x0000000706900000, 0x0000000706900000| Untracked 
|  82|0x0000000706a00000, 0x0000000706a00000, 0x0000000706b00000|  0%| F|  |TAMS 0x0000000706a00000, 0x0000000706a00000| Untracked 
|  83|0x0000000706b00000, 0x0000000706b00000, 0x0000000706c00000|  0%| F|  |TAMS 0x0000000706b00000, 0x0000000706b00000| Untracked 
|  84|0x0000000706c00000, 0x0000000706c00000, 0x0000000706d00000|  0%| F|  |TAMS 0x0000000706c00000, 0x0000000706c00000| Untracked 
|  85|0x0000000706d00000, 0x0000000706d00000, 0x0000000706e00000|  0%| F|  |TAMS 0x0000000706d00000, 0x0000000706d00000| Untracked 
|  86|0x0000000706e00000, 0x0000000706e00000, 0x0000000706f00000|  0%| F|  |TAMS 0x0000000706e00000, 0x0000000706e00000| Untracked 
|  87|0x0000000706f00000, 0x0000000706f00000, 0x0000000707000000|  0%| F|  |TAMS 0x0000000706f00000, 0x0000000706f00000| Untracked 
|  88|0x0000000707000000, 0x0000000707000000, 0x0000000707100000|  0%| F|  |TAMS 0x0000000707000000, 0x0000000707000000| Untracked 
|  89|0x0000000707100000, 0x0000000707100000, 0x0000000707200000|  0%| F|  |TAMS 0x0000000707100000, 0x0000000707100000| Untracked 
|  90|0x0000000707200000, 0x0000000707200000, 0x0000000707300000|  0%| F|  |TAMS 0x0000000707200000, 0x0000000707200000| Untracked 
|  91|0x0000000707300000, 0x0000000707300000, 0x0000000707400000|  0%| F|  |TAMS 0x0000000707300000, 0x0000000707300000| Untracked 
|  92|0x0000000707400000, 0x0000000707400000, 0x0000000707500000|  0%| F|  |TAMS 0x0000000707400000, 0x0000000707400000| Untracked 
|  93|0x0000000707500000, 0x0000000707500000, 0x0000000707600000|  0%| F|  |TAMS 0x0000000707500000, 0x0000000707500000| Untracked 
|  94|0x0000000707600000, 0x0000000707600000, 0x0000000707700000|  0%| F|  |TAMS 0x0000000707600000, 0x0000000707600000| Untracked 
|  95|0x0000000707700000, 0x0000000707700000, 0x0000000707800000|  0%| F|  |TAMS 0x0000000707700000, 0x0000000707700000| Untracked 
|  96|0x0000000707800000, 0x0000000707800000, 0x0000000707900000|  0%| F|  |TAMS 0x0000000707800000, 0x0000000707800000| Untracked 
|  97|0x0000000707900000, 0x0000000707900000, 0x0000000707a00000|  0%| F|  |TAMS 0x0000000707900000, 0x0000000707900000| Untracked 
|  98|0x0000000707a00000, 0x0000000707a00000, 0x0000000707b00000|  0%| F|  |TAMS 0x0000000707a00000, 0x0000000707a00000| Untracked 
|  99|0x0000000707b00000, 0x0000000707b00000, 0x0000000707c00000|  0%| F|  |TAMS 0x0000000707b00000, 0x0000000707b00000| Untracked 
| 100|0x0000000707c00000, 0x0000000707c00000, 0x0000000707d00000|  0%| F|  |TAMS 0x0000000707c00000, 0x0000000707c00000| Untracked 
| 101|0x0000000707d00000, 0x0000000707d00000, 0x0000000707e00000|  0%| F|  |TAMS 0x0000000707d00000, 0x0000000707d00000| Untracked 
| 102|0x0000000707e00000, 0x0000000707e00000, 0x0000000707f00000|  0%| F|  |TAMS 0x0000000707e00000, 0x0000000707e00000| Untracked 
| 103|0x0000000707f00000, 0x0000000707f00000, 0x0000000708000000|  0%| F|  |TAMS 0x0000000707f00000, 0x0000000707f00000| Untracked 
| 104|0x0000000708000000, 0x0000000708000000, 0x0000000708100000|  0%| F|  |TAMS 0x0000000708000000, 0x0000000708000000| Untracked 
| 105|0x0000000708100000, 0x0000000708100000, 0x0000000708200000|  0%| F|  |TAMS 0x0000000708100000, 0x0000000708100000| Untracked 
| 106|0x0000000708200000, 0x0000000708200000, 0x0000000708300000|  0%| F|  |TAMS 0x0000000708200000, 0x0000000708200000| Untracked 
| 107|0x0000000708300000, 0x0000000708300000, 0x0000000708400000|  0%| F|  |TAMS 0x0000000708300000, 0x0000000708300000| Untracked 
| 108|0x0000000708400000, 0x0000000708400000, 0x0000000708500000|  0%| F|  |TAMS 0x0000000708400000, 0x0000000708400000| Untracked 
| 109|0x0000000708500000, 0x0000000708500000, 0x0000000708600000|  0%| F|  |TAMS 0x0000000708500000, 0x0000000708500000| Untracked 
| 110|0x0000000708600000, 0x0000000708600000, 0x0000000708700000|  0%| F|  |TAMS 0x0000000708600000, 0x0000000708600000| Untracked 
| 111|0x0000000708700000, 0x0000000708700000, 0x0000000708800000|  0%| F|  |TAMS 0x0000000708700000, 0x0000000708700000| Untracked 
| 112|0x0000000708800000, 0x0000000708800000, 0x0000000708900000|  0%| F|  |TAMS 0x0000000708800000, 0x0000000708800000| Untracked 
| 113|0x0000000708900000, 0x0000000708900000, 0x0000000708a00000|  0%| F|  |TAMS 0x0000000708900000, 0x0000000708900000| Untracked 
| 114|0x0000000708a00000, 0x0000000708a00000, 0x0000000708b00000|  0%| F|  |TAMS 0x0000000708a00000, 0x0000000708a00000| Untracked 
| 115|0x0000000708b00000, 0x0000000708b00000, 0x0000000708c00000|  0%| F|  |TAMS 0x0000000708b00000, 0x0000000708b00000| Untracked 
| 116|0x0000000708c00000, 0x0000000708c00000, 0x0000000708d00000|  0%| F|  |TAMS 0x0000000708c00000, 0x0000000708c00000| Untracked 
| 117|0x0000000708d00000, 0x0000000708d00000, 0x0000000708e00000|  0%| F|  |TAMS 0x0000000708d00000, 0x0000000708d00000| Untracked 
| 118|0x0000000708e00000, 0x0000000708e00000, 0x0000000708f00000|  0%| F|  |TAMS 0x0000000708e00000, 0x0000000708e00000| Untracked 
| 119|0x0000000708f00000, 0x0000000708f00000, 0x0000000709000000|  0%| F|  |TAMS 0x0000000708f00000, 0x0000000708f00000| Untracked 
| 120|0x0000000709000000, 0x0000000709000000, 0x0000000709100000|  0%| F|  |TAMS 0x0000000709000000, 0x0000000709000000| Untracked 
| 121|0x0000000709100000, 0x0000000709100000, 0x0000000709200000|  0%| F|  |TAMS 0x0000000709100000, 0x0000000709100000| Untracked 
| 122|0x0000000709200000, 0x0000000709200000, 0x0000000709300000|  0%| F|  |TAMS 0x0000000709200000, 0x0000000709200000| Untracked 
| 123|0x0000000709300000, 0x0000000709300000, 0x0000000709400000|  0%| F|  |TAMS 0x0000000709300000, 0x0000000709300000| Untracked 
| 124|0x0000000709400000, 0x0000000709400000, 0x0000000709500000|  0%| F|  |TAMS 0x0000000709400000, 0x0000000709400000| Untracked 
| 125|0x0000000709500000, 0x0000000709500000, 0x0000000709600000|  0%| F|  |TAMS 0x0000000709500000, 0x0000000709500000| Untracked 
| 126|0x0000000709600000, 0x0000000709600000, 0x0000000709700000|  0%| F|  |TAMS 0x0000000709600000, 0x0000000709600000| Untracked 
| 127|0x0000000709700000, 0x0000000709700000, 0x0000000709800000|  0%| F|  |TAMS 0x0000000709700000, 0x0000000709700000| Untracked 
| 128|0x0000000709800000, 0x0000000709800000, 0x0000000709900000|  0%| F|  |TAMS 0x0000000709800000, 0x0000000709800000| Untracked 
| 129|0x0000000709900000, 0x0000000709900000, 0x0000000709a00000|  0%| F|  |TAMS 0x0000000709900000, 0x0000000709900000| Untracked 
| 130|0x0000000709a00000, 0x0000000709a00000, 0x0000000709b00000|  0%| F|  |TAMS 0x0000000709a00000, 0x0000000709a00000| Untracked 
| 131|0x0000000709b00000, 0x0000000709b00000, 0x0000000709c00000|  0%| F|  |TAMS 0x0000000709b00000, 0x0000000709b00000| Untracked 
| 132|0x0000000709c00000, 0x0000000709c00000, 0x0000000709d00000|  0%| F|  |TAMS 0x0000000709c00000, 0x0000000709c00000| Untracked 
| 133|0x0000000709d00000, 0x0000000709d00000, 0x0000000709e00000|  0%| F|  |TAMS 0x0000000709d00000, 0x0000000709d00000| Untracked 
| 134|0x0000000709e00000, 0x0000000709e00000, 0x0000000709f00000|  0%| F|  |TAMS 0x0000000709e00000, 0x0000000709e00000| Untracked 
| 135|0x0000000709f00000, 0x0000000709f00000, 0x000000070a000000|  0%| F|  |TAMS 0x0000000709f00000, 0x0000000709f00000| Untracked 
| 136|0x000000070a000000, 0x000000070a000000, 0x000000070a100000|  0%| F|  |TAMS 0x000000070a000000, 0x000000070a000000| Untracked 
| 137|0x000000070a100000, 0x000000070a100000, 0x000000070a200000|  0%| F|  |TAMS 0x000000070a100000, 0x000000070a100000| Untracked 
| 138|0x000000070a200000, 0x000000070a200000, 0x000000070a300000|  0%| F|  |TAMS 0x000000070a200000, 0x000000070a200000| Untracked 
| 139|0x000000070a300000, 0x000000070a300000, 0x000000070a400000|  0%| F|  |TAMS 0x000000070a300000, 0x000000070a300000| Untracked 
| 140|0x000000070a400000, 0x000000070a400000, 0x000000070a500000|  0%| F|  |TAMS 0x000000070a400000, 0x000000070a400000| Untracked 
| 141|0x000000070a500000, 0x000000070a500000, 0x000000070a600000|  0%| F|  |TAMS 0x000000070a500000, 0x000000070a500000| Untracked 
| 142|0x000000070a600000, 0x000000070a600000, 0x000000070a700000|  0%| F|  |TAMS 0x000000070a600000, 0x000000070a600000| Untracked 
| 143|0x000000070a700000, 0x000000070a700000, 0x000000070a800000|  0%| F|  |TAMS 0x000000070a700000, 0x000000070a700000| Untracked 
| 144|0x000000070a800000, 0x000000070a800000, 0x000000070a900000|  0%| F|  |TAMS 0x000000070a800000, 0x000000070a800000| Untracked 
| 145|0x000000070a900000, 0x000000070a900000, 0x000000070aa00000|  0%| F|  |TAMS 0x000000070a900000, 0x000000070a900000| Untracked 
| 146|0x000000070aa00000, 0x000000070aa00000, 0x000000070ab00000|  0%| F|  |TAMS 0x000000070aa00000, 0x000000070aa00000| Untracked 
| 147|0x000000070ab00000, 0x000000070ab00000, 0x000000070ac00000|  0%| F|  |TAMS 0x000000070ab00000, 0x000000070ab00000| Untracked 
| 148|0x000000070ac00000, 0x000000070ac00000, 0x000000070ad00000|  0%| F|  |TAMS 0x000000070ac00000, 0x000000070ac00000| Untracked 
| 149|0x000000070ad00000, 0x000000070ad00000, 0x000000070ae00000|  0%| F|  |TAMS 0x000000070ad00000, 0x000000070ad00000| Untracked 
| 150|0x000000070ae00000, 0x000000070ae00000, 0x000000070af00000|  0%| F|  |TAMS 0x000000070ae00000, 0x000000070ae00000| Untracked 
| 151|0x000000070af00000, 0x000000070af00000, 0x000000070b000000|  0%| F|  |TAMS 0x000000070af00000, 0x000000070af00000| Untracked 
| 152|0x000000070b000000, 0x000000070b000000, 0x000000070b100000|  0%| F|  |TAMS 0x000000070b000000, 0x000000070b000000| Untracked 
| 153|0x000000070b100000, 0x000000070b100000, 0x000000070b200000|  0%| F|  |TAMS 0x000000070b100000, 0x000000070b100000| Untracked 
| 154|0x000000070b200000, 0x000000070b200000, 0x000000070b300000|  0%| F|  |TAMS 0x000000070b200000, 0x000000070b200000| Untracked 
| 155|0x000000070b300000, 0x000000070b300000, 0x000000070b400000|  0%| F|  |TAMS 0x000000070b300000, 0x000000070b300000| Untracked 
| 156|0x000000070b400000, 0x000000070b400000, 0x000000070b500000|  0%| F|  |TAMS 0x000000070b400000, 0x000000070b400000| Untracked 
| 157|0x000000070b500000, 0x000000070b500000, 0x000000070b600000|  0%| F|  |TAMS 0x000000070b500000, 0x000000070b500000| Untracked 
| 158|0x000000070b600000, 0x000000070b600000, 0x000000070b700000|  0%| F|  |TAMS 0x000000070b600000, 0x000000070b600000| Untracked 
| 159|0x000000070b700000, 0x000000070b700000, 0x000000070b800000|  0%| F|  |TAMS 0x000000070b700000, 0x000000070b700000| Untracked 
| 160|0x000000070b800000, 0x000000070b800000, 0x000000070b900000|  0%| F|  |TAMS 0x000000070b800000, 0x000000070b800000| Untracked 
| 161|0x000000070b900000, 0x000000070b900000, 0x000000070ba00000|  0%| F|  |TAMS 0x000000070b900000, 0x000000070b900000| Untracked 
| 162|0x000000070ba00000, 0x000000070ba00000, 0x000000070bb00000|  0%| F|  |TAMS 0x000000070ba00000, 0x000000070ba00000| Untracked 
| 163|0x000000070bb00000, 0x000000070bb00000, 0x000000070bc00000|  0%| F|  |TAMS 0x000000070bb00000, 0x000000070bb00000| Untracked 
| 164|0x000000070bc00000, 0x000000070bc00000, 0x000000070bd00000|  0%| F|  |TAMS 0x000000070bc00000, 0x000000070bc00000| Untracked 
| 165|0x000000070bd00000, 0x000000070bd00000, 0x000000070be00000|  0%| F|  |TAMS 0x000000070bd00000, 0x000000070bd00000| Untracked 
| 166|0x000000070be00000, 0x000000070be00000, 0x000000070bf00000|  0%| F|  |TAMS 0x000000070be00000, 0x000000070be00000| Untracked 
| 167|0x000000070bf00000, 0x000000070bf00000, 0x000000070c000000|  0%| F|  |TAMS 0x000000070bf00000, 0x000000070bf00000| Untracked 
| 168|0x000000070c000000, 0x000000070c000000, 0x000000070c100000|  0%| F|  |TAMS 0x000000070c000000, 0x000000070c000000| Untracked 
| 169|0x000000070c100000, 0x000000070c100000, 0x000000070c200000|  0%| F|  |TAMS 0x000000070c100000, 0x000000070c100000| Untracked 
| 170|0x000000070c200000, 0x000000070c200000, 0x000000070c300000|  0%| F|  |TAMS 0x000000070c200000, 0x000000070c200000| Untracked 
| 171|0x000000070c300000, 0x000000070c300000, 0x000000070c400000|  0%| F|  |TAMS 0x000000070c300000, 0x000000070c300000| Untracked 
| 172|0x000000070c400000, 0x000000070c400000, 0x000000070c500000|  0%| F|  |TAMS 0x000000070c400000, 0x000000070c400000| Untracked 
| 173|0x000000070c500000, 0x000000070c500000, 0x000000070c600000|  0%| F|  |TAMS 0x000000070c500000, 0x000000070c500000| Untracked 
| 174|0x000000070c600000, 0x000000070c600000, 0x000000070c700000|  0%| F|  |TAMS 0x000000070c600000, 0x000000070c600000| Untracked 
| 175|0x000000070c700000, 0x000000070c700000, 0x000000070c800000|  0%| F|  |TAMS 0x000000070c700000, 0x000000070c700000| Untracked 
| 176|0x000000070c800000, 0x000000070c800000, 0x000000070c900000|  0%| F|  |TAMS 0x000000070c800000, 0x000000070c800000| Untracked 
| 177|0x000000070c900000, 0x000000070c900000, 0x000000070ca00000|  0%| F|  |TAMS 0x000000070c900000, 0x000000070c900000| Untracked 
| 178|0x000000070ca00000, 0x000000070ca00000, 0x000000070cb00000|  0%| F|  |TAMS 0x000000070ca00000, 0x000000070ca00000| Untracked 
| 179|0x000000070cb00000, 0x000000070cb00000, 0x000000070cc00000|  0%| F|  |TAMS 0x000000070cb00000, 0x000000070cb00000| Untracked 
| 180|0x000000070cc00000, 0x000000070cc00000, 0x000000070cd00000|  0%| F|  |TAMS 0x000000070cc00000, 0x000000070cc00000| Untracked 
| 181|0x000000070cd00000, 0x000000070cd00000, 0x000000070ce00000|  0%| F|  |TAMS 0x000000070cd00000, 0x000000070cd00000| Untracked 
| 182|0x000000070ce00000, 0x000000070ce00000, 0x000000070cf00000|  0%| F|  |TAMS 0x000000070ce00000, 0x000000070ce00000| Untracked 
| 183|0x000000070cf00000, 0x000000070cf00000, 0x000000070d000000|  0%| F|  |TAMS 0x000000070cf00000, 0x000000070cf00000| Untracked 
| 184|0x000000070d000000, 0x000000070d000000, 0x000000070d100000|  0%| F|  |TAMS 0x000000070d000000, 0x000000070d000000| Untracked 
| 185|0x000000070d100000, 0x000000070d100000, 0x000000070d200000|  0%| F|  |TAMS 0x000000070d100000, 0x000000070d100000| Untracked 
| 186|0x000000070d200000, 0x000000070d200000, 0x000000070d300000|  0%| F|  |TAMS 0x000000070d200000, 0x000000070d200000| Untracked 
| 187|0x000000070d300000, 0x000000070d300000, 0x000000070d400000|  0%| F|  |TAMS 0x000000070d300000, 0x000000070d300000| Untracked 
| 188|0x000000070d400000, 0x000000070d400000, 0x000000070d500000|  0%| F|  |TAMS 0x000000070d400000, 0x000000070d400000| Untracked 
| 189|0x000000070d500000, 0x000000070d500000, 0x000000070d600000|  0%| F|  |TAMS 0x000000070d500000, 0x000000070d500000| Untracked 
| 190|0x000000070d600000, 0x000000070d600000, 0x000000070d700000|  0%| F|  |TAMS 0x000000070d600000, 0x000000070d600000| Untracked 
| 191|0x000000070d700000, 0x000000070d700000, 0x000000070d800000|  0%| F|  |TAMS 0x000000070d700000, 0x000000070d700000| Untracked 
| 192|0x000000070d800000, 0x000000070d800000, 0x000000070d900000|  0%| F|  |TAMS 0x000000070d800000, 0x000000070d800000| Untracked 
| 193|0x000000070d900000, 0x000000070d900000, 0x000000070da00000|  0%| F|  |TAMS 0x000000070d900000, 0x000000070d900000| Untracked 
| 194|0x000000070da00000, 0x000000070da00000, 0x000000070db00000|  0%| F|  |TAMS 0x000000070da00000, 0x000000070da00000| Untracked 
| 195|0x000000070db00000, 0x000000070db00000, 0x000000070dc00000|  0%| F|  |TAMS 0x000000070db00000, 0x000000070db00000| Untracked 
| 196|0x000000070dc00000, 0x000000070dc00000, 0x000000070dd00000|  0%| F|  |TAMS 0x000000070dc00000, 0x000000070dc00000| Untracked 
| 197|0x000000070dd00000, 0x000000070dd00000, 0x000000070de00000|  0%| F|  |TAMS 0x000000070dd00000, 0x000000070dd00000| Untracked 
| 198|0x000000070de00000, 0x000000070de00000, 0x000000070df00000|  0%| F|  |TAMS 0x000000070de00000, 0x000000070de00000| Untracked 
| 199|0x000000070df00000, 0x000000070df00000, 0x000000070e000000|  0%| F|  |TAMS 0x000000070df00000, 0x000000070df00000| Untracked 
| 200|0x000000070e000000, 0x000000070e000000, 0x000000070e100000|  0%| F|  |TAMS 0x000000070e000000, 0x000000070e000000| Untracked 
| 201|0x000000070e100000, 0x000000070e100000, 0x000000070e200000|  0%| F|  |TAMS 0x000000070e100000, 0x000000070e100000| Untracked 
| 202|0x000000070e200000, 0x000000070e200000, 0x000000070e300000|  0%| F|  |TAMS 0x000000070e200000, 0x000000070e200000| Untracked 
| 203|0x000000070e300000, 0x000000070e300000, 0x000000070e400000|  0%| F|  |TAMS 0x000000070e300000, 0x000000070e300000| Untracked 
| 204|0x000000070e400000, 0x000000070e400000, 0x000000070e500000|  0%| F|  |TAMS 0x000000070e400000, 0x000000070e400000| Untracked 
| 205|0x000000070e500000, 0x000000070e500000, 0x000000070e600000|  0%| F|  |TAMS 0x000000070e500000, 0x000000070e500000| Untracked 
| 206|0x000000070e600000, 0x000000070e600000, 0x000000070e700000|  0%| F|  |TAMS 0x000000070e600000, 0x000000070e600000| Untracked 
| 207|0x000000070e700000, 0x000000070e700000, 0x000000070e800000|  0%| F|  |TAMS 0x000000070e700000, 0x000000070e700000| Untracked 
| 208|0x000000070e800000, 0x000000070e800000, 0x000000070e900000|  0%| F|  |TAMS 0x000000070e800000, 0x000000070e800000| Untracked 
| 209|0x000000070e900000, 0x000000070e900000, 0x000000070ea00000|  0%| F|  |TAMS 0x000000070e900000, 0x000000070e900000| Untracked 
| 210|0x000000070ea00000, 0x000000070ea00000, 0x000000070eb00000|  0%| F|  |TAMS 0x000000070ea00000, 0x000000070ea00000| Untracked 
| 211|0x000000070eb00000, 0x000000070eb00000, 0x000000070ec00000|  0%| F|  |TAMS 0x000000070eb00000, 0x000000070eb00000| Untracked 
| 212|0x000000070ec00000, 0x000000070ec00000, 0x000000070ed00000|  0%| F|  |TAMS 0x000000070ec00000, 0x000000070ec00000| Untracked 
| 213|0x000000070ed00000, 0x000000070ed00000, 0x000000070ee00000|  0%| F|  |TAMS 0x000000070ed00000, 0x000000070ed00000| Untracked 
| 214|0x000000070ee00000, 0x000000070ee00000, 0x000000070ef00000|  0%| F|  |TAMS 0x000000070ee00000, 0x000000070ee00000| Untracked 
| 215|0x000000070ef00000, 0x000000070ef00000, 0x000000070f000000|  0%| F|  |TAMS 0x000000070ef00000, 0x000000070ef00000| Untracked 
| 216|0x000000070f000000, 0x000000070f000000, 0x000000070f100000|  0%| F|  |TAMS 0x000000070f000000, 0x000000070f000000| Untracked 
| 217|0x000000070f100000, 0x000000070f100000, 0x000000070f200000|  0%| F|  |TAMS 0x000000070f100000, 0x000000070f100000| Untracked 
| 218|0x000000070f200000, 0x000000070f200000, 0x000000070f300000|  0%| F|  |TAMS 0x000000070f200000, 0x000000070f200000| Untracked 
| 219|0x000000070f300000, 0x000000070f300000, 0x000000070f400000|  0%| F|  |TAMS 0x000000070f300000, 0x000000070f300000| Untracked 
| 220|0x000000070f400000, 0x000000070f400000, 0x000000070f500000|  0%| F|  |TAMS 0x000000070f400000, 0x000000070f400000| Untracked 
| 221|0x000000070f500000, 0x000000070f500000, 0x000000070f600000|  0%| F|  |TAMS 0x000000070f500000, 0x000000070f500000| Untracked 
| 222|0x000000070f600000, 0x000000070f600000, 0x000000070f700000|  0%| F|  |TAMS 0x000000070f600000, 0x000000070f600000| Untracked 
| 223|0x000000070f700000, 0x000000070f700000, 0x000000070f800000|  0%| F|  |TAMS 0x000000070f700000, 0x000000070f700000| Untracked 
| 224|0x000000070f800000, 0x000000070f800000, 0x000000070f900000|  0%| F|  |TAMS 0x000000070f800000, 0x000000070f800000| Untracked 
| 225|0x000000070f900000, 0x000000070f900000, 0x000000070fa00000|  0%| F|  |TAMS 0x000000070f900000, 0x000000070f900000| Untracked 
| 226|0x000000070fa00000, 0x000000070fa00000, 0x000000070fb00000|  0%| F|  |TAMS 0x000000070fa00000, 0x000000070fa00000| Untracked 
| 227|0x000000070fb00000, 0x000000070fb00000, 0x000000070fc00000|  0%| F|  |TAMS 0x000000070fb00000, 0x000000070fb00000| Untracked 
| 228|0x000000070fc00000, 0x000000070fc00000, 0x000000070fd00000|  0%| F|  |TAMS 0x000000070fc00000, 0x000000070fc00000| Untracked 
| 229|0x000000070fd00000, 0x000000070fd00000, 0x000000070fe00000|  0%| F|  |TAMS 0x000000070fd00000, 0x000000070fd00000| Untracked 
| 230|0x000000070fe00000, 0x000000070fe00000, 0x000000070ff00000|  0%| F|  |TAMS 0x000000070fe00000, 0x000000070fe00000| Untracked 
| 231|0x000000070ff00000, 0x000000070ff00000, 0x0000000710000000|  0%| F|  |TAMS 0x000000070ff00000, 0x000000070ff00000| Untracked 
| 232|0x0000000710000000, 0x0000000710000000, 0x0000000710100000|  0%| F|  |TAMS 0x0000000710000000, 0x0000000710000000| Untracked 
| 233|0x0000000710100000, 0x0000000710100000, 0x0000000710200000|  0%| F|  |TAMS 0x0000000710100000, 0x0000000710100000| Untracked 
| 234|0x0000000710200000, 0x0000000710200000, 0x0000000710300000|  0%| F|  |TAMS 0x0000000710200000, 0x0000000710200000| Untracked 
| 235|0x0000000710300000, 0x0000000710300000, 0x0000000710400000|  0%| F|  |TAMS 0x0000000710300000, 0x0000000710300000| Untracked 
| 236|0x0000000710400000, 0x0000000710400000, 0x0000000710500000|  0%| F|  |TAMS 0x0000000710400000, 0x0000000710400000| Untracked 
| 237|0x0000000710500000, 0x0000000710500000, 0x0000000710600000|  0%| F|  |TAMS 0x0000000710500000, 0x0000000710500000| Untracked 
| 238|0x0000000710600000, 0x0000000710600000, 0x0000000710700000|  0%| F|  |TAMS 0x0000000710600000, 0x0000000710600000| Untracked 
| 239|0x0000000710700000, 0x0000000710700000, 0x0000000710800000|  0%| F|  |TAMS 0x0000000710700000, 0x0000000710700000| Untracked 
| 240|0x0000000710800000, 0x0000000710800000, 0x0000000710900000|  0%| F|  |TAMS 0x0000000710800000, 0x0000000710800000| Untracked 
| 241|0x0000000710900000, 0x0000000710900000, 0x0000000710a00000|  0%| F|  |TAMS 0x0000000710900000, 0x0000000710900000| Untracked 
| 242|0x0000000710a00000, 0x0000000710a00000, 0x0000000710b00000|  0%| F|  |TAMS 0x0000000710a00000, 0x0000000710a00000| Untracked 
| 243|0x0000000710b00000, 0x0000000710b00000, 0x0000000710c00000|  0%| F|  |TAMS 0x0000000710b00000, 0x0000000710b00000| Untracked 
| 244|0x0000000710c00000, 0x0000000710c00000, 0x0000000710d00000|  0%| F|  |TAMS 0x0000000710c00000, 0x0000000710c00000| Untracked 
| 245|0x0000000710d00000, 0x0000000710d00000, 0x0000000710e00000|  0%| F|  |TAMS 0x0000000710d00000, 0x0000000710d00000| Untracked 
| 246|0x0000000710e00000, 0x0000000710e00000, 0x0000000710f00000|  0%| F|  |TAMS 0x0000000710e00000, 0x0000000710e00000| Untracked 
| 247|0x0000000710f00000, 0x0000000710f00000, 0x0000000711000000|  0%| F|  |TAMS 0x0000000710f00000, 0x0000000710f00000| Untracked 
| 248|0x0000000711000000, 0x0000000711049fd0, 0x0000000711100000| 28%| E|  |TAMS 0x0000000711000000, 0x0000000711000000| Complete 
| 249|0x0000000711100000, 0x0000000711200000, 0x0000000711200000|100%| E|CS|TAMS 0x0000000711100000, 0x0000000711100000| Complete 
| 250|0x0000000711200000, 0x0000000711300000, 0x0000000711300000|100%| E|CS|TAMS 0x0000000711200000, 0x0000000711200000| Complete 
| 251|0x0000000711300000, 0x0000000711400000, 0x0000000711400000|100%| E|CS|TAMS 0x0000000711300000, 0x0000000711300000| Complete 
| 252|0x0000000711400000, 0x0000000711500000, 0x0000000711500000|100%| E|CS|TAMS 0x0000000711400000, 0x0000000711400000| Complete 
| 253|0x0000000711500000, 0x0000000711600000, 0x0000000711600000|100%| E|CS|TAMS 0x0000000711500000, 0x0000000711500000| Complete 
| 254|0x0000000711600000, 0x0000000711700000, 0x0000000711700000|100%| E|CS|TAMS 0x0000000711600000, 0x0000000711600000| Complete 
| 255|0x0000000711700000, 0x0000000711800000, 0x0000000711800000|100%| E|CS|TAMS 0x0000000711700000, 0x0000000711700000| Complete 

Card table byte_map: [0x0000022c7c4d0000,0x0000022c7ccd0000] _byte_map_base: 0x0000022c78cc4000

Marking Bits (Prev, Next): (CMBitMap*) 0x0000022c6269e1e8, (CMBitMap*) 0x0000022c6269e220
 Prev Bits: [0x0000022c00000000, 0x0000022c03fa0000)
 Next Bits: [0x0000022c03fa0000, 0x0000022c07f40000)

Polling page: 0x0000022c627c0000

Metaspace:

Usage:
  Non-class:      8.68 MB capacity,     8.63 MB (>99%) used,    44.11 KB ( <1%) free+waste,    10.50 KB ( <1%) overhead. 
      Class:    902.00 KB capacity,   837.77 KB ( 93%) used,    59.48 KB (  7%) free+waste,     4.75 KB ( <1%) overhead. 
       Both:      9.56 MB capacity,     9.45 MB ( 99%) used,   103.59 KB (  1%) free+waste,    15.25 KB ( <1%) overhead. 

Virtual space:
  Non-class space:       10.00 MB reserved,       8.75 MB ( 88%) committed 
      Class space:        1.00 GB reserved,       1.00 MB ( <1%) committed 
             Both:        1.01 GB reserved,       9.75 MB ( <1%) committed 

Chunk freelists:
   Non-Class:  512 bytes
       Class:  3.25 KB
        Both:  3.75 KB

CodeHeap 'non-profiled nmethods': size=120064Kb used=165Kb max_used=165Kb free=119898Kb
 bounds [0x0000022c74790000, 0x0000022c74a00000, 0x0000022c7bcd0000]
CodeHeap 'profiled nmethods': size=120000Kb used=825Kb max_used=825Kb free=119174Kb
 bounds [0x0000022c6d260000, 0x0000022c6d4d0000, 0x0000022c74790000]
CodeHeap 'non-nmethods': size=5696Kb used=1383Kb max_used=1383Kb free=4312Kb
 bounds [0x0000022c6ccd0000, 0x0000022c6cf40000, 0x0000022c6d260000]
 total_blobs=1418 nmethods=574 adapters=756
 compilation: enabled
              stopped_count=0, restarted_count=0
 full_count=0

Compilation events (10 events):
Event: 2.216 Thread 0x0000022c7fb3e800  568       3       sun.misc.Unsafe::putByte (9 bytes)
Event: 2.217 Thread 0x0000022c7fb3e800 nmethod 568 0x0000022c6d32be10 code [0x0000022c6d32bfc0, 0x0000022c6d32c138]
Event: 2.221 Thread 0x0000022c7fb3e800  570       3       sun.misc.Unsafe::putInt (11 bytes)
Event: 2.221 Thread 0x0000022c7fb3e800 nmethod 570 0x0000022c6d32c210 code [0x0000022c6d32c3a0, 0x0000022c6d32c498]
Event: 2.226 Thread 0x0000022c7fb3e800  572       3       java.nio.Buffer::remaining (20 bytes)
Event: 2.226 Thread 0x0000022c7fb3e800 nmethod 572 0x0000022c6d32c510 code [0x0000022c6d32c6c0, 0x0000022c6d32c818]
Event: 2.228 Thread 0x0000022c7fb3e800  573       3       org.lwjgl.system.MemoryUtil::encodeASCII (66 bytes)
Event: 2.229 Thread 0x0000022c7fb3e800 nmethod 573 0x0000022c6d32c890 code [0x0000022c6d32ca80, 0x0000022c6d32d018]
Event: 2.229 Thread 0x0000022c7fb3e800  574       3       sun.net.util.IPAddressUtil::scan (92 bytes)
Event: 2.230 Thread 0x0000022c7fb3e800 nmethod 574 0x0000022c6d32d290 code [0x0000022c6d32d500, 0x0000022c6d32dff8]

GC Heap History (0 events):
No events

Deoptimization events (7 events):
Event: 0.910 Thread 0x0000022c64840800 Uncommon trap: reason=unstable_if action=reinterpret pc=0x0000022c7479bd20 method=java.util.HashMap.putVal(ILjava/lang/Object;Ljava/lang/Object;ZZ)Ljava/lang/Object; @ 69 c2
Event: 0.972 Thread 0x0000022c64840800 Uncommon trap: reason=unstable_if action=reinterpret pc=0x0000022c747946f8 method=java.lang.String.isLatin1()Z @ 10 c2
Event: 0.973 Thread 0x0000022c64840800 Uncommon trap: reason=unstable_if action=reinterpret pc=0x0000022c74791394 method=java.lang.String.isLatin1()Z @ 10 c2
Event: 1.879 Thread 0x0000022c64840800 Uncommon trap: reason=bimorphic_or_optimized_type_check action=maybe_recompile pc=0x0000022c74799714 method=java.util.AbstractCollection.isEmpty()Z @ 1 c2
Event: 1.879 Thread 0x0000022c64840800 Uncommon trap: reason=bimorphic_or_optimized_type_check action=maybe_recompile pc=0x0000022c74799714 method=java.util.AbstractCollection.isEmpty()Z @ 1 c2
Event: 1.880 Thread 0x0000022c64840800 Uncommon trap: reason=bimorphic_or_optimized_type_check action=maybe_recompile pc=0x0000022c74799714 method=java.util.AbstractCollection.isEmpty()Z @ 1 c2
Event: 1.996 Thread 0x0000022c64840800 Uncommon trap: reason=unstable_if action=reinterpret pc=0x0000022c747a7380 method=java.io.WinNTFileSystem.isSlash(C)Z @ 9 c2

Classes redefined (0 events):
No events

Internal exceptions (10 events):
Event: 2.128 Thread 0x0000022c64840800 Exception <a 'java/security/PrivilegedActionException'{0x00000007112e6810}> (0x00000007112e6810) thrown at [./open/src/hotspot/share/prims/jvm.cpp, line 1305]
Event: 2.128 Thread 0x0000022c64840800 Exception <a 'java/security/PrivilegedActionException'{0x00000007112e6ae0}> (0x00000007112e6ae0) thrown at [./open/src/hotspot/share/prims/jvm.cpp, line 1305]
Event: 2.128 Thread 0x0000022c64840800 Exception <a 'java/security/PrivilegedActionException'{0x00000007112e8360}> (0x00000007112e8360) thrown at [./open/src/hotspot/share/prims/jvm.cpp, line 1305]
Event: 2.128 Thread 0x0000022c64840800 Exception <a 'java/security/PrivilegedActionException'{0x00000007112e8630}> (0x00000007112e8630) thrown at [./open/src/hotspot/share/prims/jvm.cpp, line 1305]
Event: 2.128 Thread 0x0000022c64840800 Exception <a 'java/security/PrivilegedActionException'{0x00000007112e9eb0}> (0x00000007112e9eb0) thrown at [./open/src/hotspot/share/prims/jvm.cpp, line 1305]
Event: 2.128 Thread 0x0000022c64840800 Exception <a 'java/security/PrivilegedActionException'{0x00000007112ea180}> (0x00000007112ea180) thrown at [./open/src/hotspot/share/prims/jvm.cpp, line 1305]
Event: 2.129 Thread 0x0000022c64840800 Exception <a 'java/security/PrivilegedActionException'{0x00000007112eb9a0}> (0x00000007112eb9a0) thrown at [./open/src/hotspot/share/prims/jvm.cpp, line 1305]
Event: 2.129 Thread 0x0000022c64840800 Exception <a 'java/security/PrivilegedActionException'{0x00000007112ebc70}> (0x00000007112ebc70) thrown at [./open/src/hotspot/share/prims/jvm.cpp, line 1305]
Event: 2.189 Thread 0x0000022c64840800 Exception <a 'sun/nio/fs/WindowsException'{0x00000007111abef8}> (0x00000007111abef8) thrown at [./open/src/hotspot/share/prims/jni.cpp, line 611]
Event: 2.189 Thread 0x0000022c64840800 Exception <a 'sun/nio/fs/WindowsException'{0x00000007111ac288}> (0x00000007111ac288) thrown at [./open/src/hotspot/share/prims/jni.cpp, line 611]

Events (10 events):
Event: 2.193 loading class org/lwjgl/system/windows/WinBase
Event: 2.193 loading class org/lwjgl/system/windows/WinBase done
Event: 2.201 loading class jdk/internal/reflect/UnsafeQualifiedStaticIntegerFieldAccessorImpl
Event: 2.201 loading class jdk/internal/reflect/UnsafeQualifiedStaticIntegerFieldAccessorImpl done
Event: 2.205 loading class org/lwjgl/glfw/GLFW$Functions
Event: 2.205 loading class org/lwjgl/glfw/GLFW$Functions done
Event: 2.229 loading class org/lwjgl/system/JNI
Event: 2.229 loading class org/lwjgl/system/JNI done
Event: 2.562 loading class org/lwjgl/glfw/EventLoop$OffScreen
Event: 2.562 loading class org/lwjgl/glfw/EventLoop$OffScreen done


Dynamic libraries:
0x00007ff6dfad0000 - 0x00007ff6dfadf000 	G:\Program Files\Java\jdk-11.0.10\bin\java.exe
0x00007ffc3c230000 - 0x00007ffc3c426000 	C:\Windows\SYSTEM32\ntdll.dll
0x00007ffc3a430000 - 0x00007ffc3a4ed000 	C:\Windows\System32\KERNEL32.DLL
0x00007ffc39a40000 - 0x00007ffc39d09000 	C:\Windows\System32\KERNELBASE.dll
0x00007ffc3a110000 - 0x00007ffc3a210000 	C:\Windows\System32\ucrtbase.dll
0x00007ffc32ac0000 - 0x00007ffc32ad8000 	G:\Program Files\Java\jdk-11.0.10\bin\jli.dll
0x00007ffc32ae0000 - 0x00007ffc32af5000 	G:\Program Files\Java\jdk-11.0.10\bin\VCRUNTIME140.dll
0x00007ffc3b770000 - 0x00007ffc3b81c000 	C:\Windows\System32\ADVAPI32.dll
0x00007ffc3a7b0000 - 0x00007ffc3a84e000 	C:\Windows\System32\msvcrt.dll
0x00007ffc3b360000 - 0x00007ffc3b3fc000 	C:\Windows\System32\sechost.dll
0x00007ffc3a300000 - 0x00007ffc3a42b000 	C:\Windows\System32\RPCRT4.dll
0x00007ffc3aa00000 - 0x00007ffc3aba0000 	C:\Windows\System32\USER32.dll
0x00007ffc39970000 - 0x00007ffc39992000 	C:\Windows\System32\win32u.dll
0x00007ffc3a780000 - 0x00007ffc3a7aa000 	C:\Windows\System32\GDI32.dll
0x00007ffc39d60000 - 0x00007ffc39e6b000 	C:\Windows\System32\gdi32full.dll
0x00007ffc399a0000 - 0x00007ffc39a3d000 	C:\Windows\System32\msvcp_win.dll
0x00007ffc2e8c0000 - 0x00007ffc2eb5b000 	C:\Windows\WinSxS\amd64_microsoft.windows.common-controls_6595b64144ccf1df_6.0.19041.746_none_ca02b4b61b8320a4\COMCTL32.dll
0x00007ffc33e70000 - 0x00007ffc33e7a000 	C:\Windows\SYSTEM32\VERSION.dll
0x00007ffc3a4f0000 - 0x00007ffc3a520000 	C:\Windows\System32\IMM32.DLL
0x00007ffc24b60000 - 0x00007ffc24bfb000 	G:\Program Files\Java\jdk-11.0.10\bin\msvcp140.dll
0x00007ffbbee80000 - 0x00007ffbbf97b000 	G:\Program Files\Java\jdk-11.0.10\bin\server\jvm.dll
0x00007ffc3bff0000 - 0x00007ffc3bff8000 	C:\Windows\System32\PSAPI.DLL
0x00007ffc2f350000 - 0x00007ffc2f359000 	C:\Windows\SYSTEM32\WSOCK32.dll
0x00007ffc2f0f0000 - 0x00007ffc2f117000 	C:\Windows\SYSTEM32\WINMM.dll
0x00007ffc3b2f0000 - 0x00007ffc3b35b000 	C:\Windows\System32\WS2_32.dll
0x00007ffc37800000 - 0x00007ffc37812000 	C:\Windows\SYSTEM32\kernel.appcore.dll
0x00007ffc32ab0000 - 0x00007ffc32ac0000 	G:\Program Files\Java\jdk-11.0.10\bin\verify.dll
0x00007ffc26a20000 - 0x00007ffc26c04000 	C:\Windows\SYSTEM32\DBGHELP.DLL
0x00007ffc25fa0000 - 0x00007ffc25fcc000 	C:\Windows\SYSTEM32\dbgcore.DLL
0x00007ffc3a210000 - 0x00007ffc3a290000 	C:\Windows\System32\bcryptPrimitives.dll
0x00007ffc32a80000 - 0x00007ffc32aa8000 	G:\Program Files\Java\jdk-11.0.10\bin\java.dll
0x00007ffc32a70000 - 0x00007ffc32a7a000 	G:\Program Files\Java\jdk-11.0.10\bin\jimage.dll
0x00007ffc21a20000 - 0x00007ffc21a2e000 	G:\Program Files\Java\jdk-11.0.10\bin\instrument.dll
0x00007ffc25fd0000 - 0x00007ffc25fe6000 	G:\Program Files\Java\jdk-11.0.10\bin\zip.dll
0x00007ffc3aba0000 - 0x00007ffc3b2e2000 	C:\Windows\System32\SHELL32.dll
0x00007ffc37ae0000 - 0x00007ffc38270000 	C:\Windows\SYSTEM32\windows.storage.dll
0x00007ffc3bc90000 - 0x00007ffc3bfe6000 	C:\Windows\System32\combase.dll
0x00007ffc39300000 - 0x00007ffc3932c000 	C:\Windows\SYSTEM32\Wldp.dll
0x00007ffc3a6d0000 - 0x00007ffc3a77e000 	C:\Windows\System32\SHCORE.dll
0x00007ffc3c180000 - 0x00007ffc3c1d5000 	C:\Windows\System32\shlwapi.dll
0x00007ffc398a0000 - 0x00007ffc398c6000 	C:\Windows\SYSTEM32\profapi.dll
0x00007ffc22fb0000 - 0x00007ffc22fc9000 	G:\Program Files\Java\jdk-11.0.10\bin\net.dll
0x00007ffc31500000 - 0x00007ffc31600000 	C:\Windows\SYSTEM32\WINHTTP.dll
0x00007ffc39080000 - 0x00007ffc390ea000 	C:\Windows\system32\mswsock.dll
0x00007ffc1f9a0000 - 0x00007ffc1f9b2000 	G:\Program Files\Java\jdk-11.0.10\bin\nio.dll
0x00007ffc1f9d0000 - 0x00007ffc1f9ea000 	G:\Program Files\JetBrains\IntelliJ IDEA 2020.3.3\bin\breakgen64.dll
0x00007ffbf58c0000 - 0x00007ffbf5924000 	C:\Users\Reingalrt\AppData\Local\Temp\lwjglReingalrt\3.2.3-build-13\lwjgl.dll
0x00007ffbf5850000 - 0x00007ffbf58b2000 	C:\Users\REINGA~1\AppData\Local\Temp\lwjglReingalrt\3.2.3-build-13\glfw.dll
0x00007ffc37420000 - 0x00007ffc374be000 	C:\Windows\system32\uxtheme.dll
0x00007ffbea3d0000 - 0x00007ffbea415000 	C:\Windows\SYSTEM32\dinput8.dll
0x00007ffc12ca0000 - 0x00007ffc12cb1000 	C:\Windows\SYSTEM32\xinput1_4.dll
0x00007ffc39d10000 - 0x00007ffc39d5e000 	C:\Windows\System32\cfgmgr32.dll
0x00007ffc39710000 - 0x00007ffc3973c000 	C:\Windows\SYSTEM32\DEVOBJ.dll
0x00007ffc377d0000 - 0x00007ffc377ff000 	C:\Windows\SYSTEM32\dwmapi.dll
0x00007ffc3c000000 - 0x00007ffc3c115000 	C:\Windows\System32\MSCTF.dll
0x00007ffc3b680000 - 0x00007ffc3b74d000 	C:\Windows\System32\OLEAUT32.dll
0x00007ffc32170000 - 0x00007ffc322c2000 	C:\Windows\SYSTEM32\inputhost.dll
0x00007ffc370d0000 - 0x00007ffc371c2000 	C:\Windows\SYSTEM32\CoreMessaging.dll
0x00007ffc35320000 - 0x00007ffc35417000 	C:\Windows\SYSTEM32\PROPSYS.dll
0x00007ffc36570000 - 0x00007ffc366c4000 	C:\Windows\SYSTEM32\wintypes.dll
0x00007ffc36d70000 - 0x00007ffc370ce000 	C:\Windows\SYSTEM32\CoreUIComponents.dll
0x00007ffc386b0000 - 0x00007ffc386e3000 	C:\Windows\SYSTEM32\ntmarta.dll
0x00007ffc38270000 - 0x00007ffc3827d000 	C:\Windows\SYSTEM32\HID.DLL
0x00007ffc3b820000 - 0x00007ffc3bc87000 	C:\Windows\System32\SETUPAPI.DLL
0x00007ffc3a080000 - 0x00007ffc3a0a7000 	C:\Windows\System32\bcrypt.dll
0x00007ffc3a0b0000 - 0x00007ffc3a110000 	C:\Windows\System32\WINTRUST.dll
0x00007ffc39e70000 - 0x00007ffc39fc6000 	C:\Windows\System32\CRYPT32.dll
0x00007ffc39500000 - 0x00007ffc39512000 	C:\Windows\SYSTEM32\MSASN1.dll
0x00007ffc12dd0000 - 0x00007ffc12ef5000 	C:\Windows\SYSTEM32\opengl32.dll
0x00007ffc16090000 - 0x00007ffc160bc000 	C:\Windows\SYSTEM32\GLU32.dll
0x00007ffc3b400000 - 0x00007ffc3b4a9000 	C:\Windows\System32\clbcatq.dll
0x00007ffbb9b10000 - 0x00007ffbbc4a9000 	C:\Windows\System32\DriverStore\FileRepository\nv_dispi.inf_amd64_1c83a5d7cffd7bff\nvoglv64.dll
0x00007ffc3a520000 - 0x00007ffc3a64a000 	C:\Windows\System32\ole32.dll
0x00007ffc35710000 - 0x00007ffc35724000 	C:\Windows\SYSTEM32\WTSAPI32.dll
0x00007ffc33dc0000 - 0x00007ffc33df1000 	C:\Windows\SYSTEM32\cryptnet.dll
0x00007ffc39250000 - 0x00007ffc3925c000 	C:\Windows\SYSTEM32\cryptbase.dll
0x00007ffc330d0000 - 0x00007ffc3310b000 	C:\Windows\SYSTEM32\dxcore.dll
0x00007ffc16bc0000 - 0x00007ffc16e6e000 	C:\Windows\system32\nvspcap64.dll
0x00007ffc39520000 - 0x00007ffc3956b000 	C:\Windows\SYSTEM32\powrprof.dll
0x00007ffc394e0000 - 0x00007ffc394f2000 	C:\Windows\SYSTEM32\UMPDC.dll
0x00007ffc39370000 - 0x00007ffc393ca000 	C:\Windows\SYSTEM32\WINSTA.dll

dbghelp: loaded successfully - version: 4.0.5 - missing functions: none
symbol engine: initialized successfully - sym options: 0x614 - pdb path: .;G:\Program Files\Java\jdk-11.0.10\bin;C:\Windows\SYSTEM32;C:\Windows\WinSxS\amd64_microsoft.windows.common-controls_6595b64144ccf1df_6.0.19041.746_none_ca02b4b61b8320a4;G:\Program Files\Java\jdk-11.0.10\bin\server;G:\Program Files\JetBrains\IntelliJ IDEA 2020.3.3\bin;C:\Users\Reingalrt\AppData\Local\Temp\lwjglReingalrt\3.2.3-build-13;C:\Users\REINGA~1\AppData\Local\Temp\lwjglReingalrt\3.2.3-build-13;C:\Windows\System32\DriverStore\FileRepository\nv_dispi.inf_amd64_1c83a5d7cffd7bff

VM Arguments:
jvm_args: -javaagent:G:\Program Files\JetBrains\IntelliJ IDEA 2020.3.3\lib\idea_rt.jar=59472:G:\Program Files\JetBrains\IntelliJ IDEA 2020.3.3\bin -Dfile.encoding=UTF-8 
java_command: Main
java_class_path (initial): C:\Users\Reingalrt\IdeaProjects\Metal-Jv\build\classes\java\main;C:\Users\Reingalrt\.gradle\caches\modules-2\files-2.1\org.lwjgl\lwjgl-assimp\3.2.3\f62aa07a20afbdd3097efc296c4841e0d29700eb\lwjgl-assimp-3.2.3.jar;C:\Users\Reingalrt\.gradle\caches\modules-2\files-2.1\org.lwjgl\lwjgl-glfw\3.2.3\5e520d5c290c8b012545a8d34fa5db5ab051ea53\lwjgl-glfw-3.2.3.jar;C:\Users\Reingalrt\.gradle\caches\modules-2\files-2.1\org.lwjgl\lwjgl-nfd\3.2.3\c44fee1043c022cf6614a28872d44cf114ca7737\lwjgl-nfd-3.2.3.jar;C:\Users\Reingalrt\.gradle\caches\modules-2\files-2.1\org.lwjgl\lwjgl-openal\3.2.3\106742e805803ab9eab8e343f0fb31a3d263903c\lwjgl-openal-3.2.3.jar;C:\Users\Reingalrt\.gradle\caches\modules-2\files-2.1\org.lwjgl\lwjgl-opengl\3.2.3\bdd534a323d0c8f54969b95e424b6ac8984f7d6e\lwjgl-opengl-3.2.3.jar;C:\Users\Reingalrt\.gradle\caches\modules-2\files-2.1\org.lwjgl\lwjgl-stb\3.2.3\40eccaa4fa86fc815f2e17946a392fb5fdcc286a\lwjgl-stb-3.2.3.jar;C:\Users\Reingalrt\.gradle\caches\modules-2\files-2.1\org.lwjgl\lwjgl\3.2.3\17a59ba0fe8d474ec9dbe0d5db40d2cfe59c4c08\lwjgl-3.2.3.jar;C:\Users\Reingalrt\.gradle\caches\modules-2\files-2.1\org.joml\joml\1.10.1\9825ac51cb8d274e23d4ad685b355e87afdaff06\joml-1.10.1.jar;C:\Users\Reingalrt\.gradle\caches\modules-2\files-2.1\org.lwjgl\lwjgl-assimp\3.2.3\4e60aeb75f0343c4a9ede4ef8b6b32ca702a00a3\lwjgl-assimp-3.2.3-natives-windows.jar;C:\Users\Reingalrt\.gradle\caches\modules-2\files-2.1\org.lwjgl\lwjgl-glfw\3.2.3\b4d8a3477cdc2edcf7a5f1e822926be846223f54\lwjgl-glfw-3.2.3-natives-windows.jar;C:\Users\Reingalrt\.gradle\caches\modules-2\files-2.1\org.lwjgl\lwjgl-nfd\3.2.3\32782f5f5c57769efb82af864e70b819c77bc891\lwjgl-nfd-3.2.3-natives-windows.jar;C:\Users\Reingalrt\.gradle\caches\modules-2\files-2.1\org.lwjgl\lwjgl-openal\3.2.3\ec898e8ce11b5886f4f532a1536283ef2817758d\lwjgl-openal-3.2.3-natives-windows.jar;C:\Users\Reingalrt\.gradle\caches\modules-2\files-2.1\org.lwjgl\lwjgl-opengl\3.2.3\e81cfc73ec8708e5e791ed770e4ec3edfc1bbab1\lwjgl-ope
Launcher Type: SUN_STANDARD

[Global flags]
     intx CICompilerCount                          = 3                                         {product} {ergonomic}
     uint ConcGCThreads                            = 1                                         {product} {ergonomic}
     uint G1ConcRefinementThreads                  = 4                                         {product} {ergonomic}
   size_t G1HeapRegionSize                         = 1048576                                   {product} {ergonomic}
    uintx GCDrainStackTargetSize                   = 64                                        {product} {ergonomic}
   size_t InitialHeapSize                          = 268435456                                 {product} {ergonomic}
   size_t MarkStackSize                            = 4194304                                   {product} {ergonomic}
   size_t MaxHeapSize                              = 4269801472                                {product} {ergonomic}
   size_t MaxNewSize                               = 2561671168                                {product} {ergonomic}
   size_t MinHeapDeltaBytes                        = 1048576                                   {product} {ergonomic}
    uintx NonNMethodCodeHeapSize                   = 5830732                                {pd product} {ergonomic}
    uintx NonProfiledCodeHeapSize                  = 122913754                              {pd product} {ergonomic}
    uintx ProfiledCodeHeapSize                     = 122913754                              {pd product} {ergonomic}
    uintx ReservedCodeCacheSize                    = 251658240                              {pd product} {ergonomic}
     bool SegmentedCodeCache                       = true                                      {product} {ergonomic}
     bool UseCompressedClassPointers               = true                                 {lp64_product} {ergonomic}
     bool UseCompressedOops                        = true                                 {lp64_product} {ergonomic}
     bool UseG1GC                                  = true                                      {product} {ergonomic}
     bool UseLargePagesIndividualAllocation        = false                                  {pd product} {ergonomic}

Logging:
Log output configuration:
 #0: stdout all=warning uptime,level,tags
 #1: stderr all=off uptime,level,tags

Environment Variables:
JAVA_HOME=I:\NVPACK\jdk1.8.0_77
PATH=C:\ProgramData\Oracle\Java\javapath;C:\Python39\Scripts\;C:\Python39\;c:\windows\system32;c:\windows;c:\windows\system32\wbem;c:\windows\system32\windowspowershell\v1.0\;c:\windows\system32\openssh\;c:\program files\git\cmd;i:\program files (x86)\easeus\todo backup\bin;c:\program files (x86)\easeus\todo backup\bin;c:\program files\tortoisesvn\bin;C:\Program Files (x86)\NVIDIA Corporation\PhysX\Common;C:\Program Files\NVIDIA Corporation\NVIDIA NvDLISR;C:\Program Files\dotnet\;C:\Program Files\Common Files\Autodesk Shared\;F:\Program Files\nodejs\;C:\ProgramData\chocolatey\bin;C:\Go\bin;C:\Program Files\PuTTY\;C:\Program Files\Geth;C:\Program Files\MySQL\MySQL Shell 8.0\bin\;I:\NVPACK\android-sdk-windows\extras\android\support;I:\NVPACK\android-sdk-windows\build-tools;I:\NVPACK\android-sdk-windows\platform-tools;I:\NVPACK\android-sdk-windows\tools;I:\NVPACK\gradle-4.4.1\bin;I:\NVPACK\jdk1.8.0_77\bin;I:\NVPACK\android-ndk-r18b;C:\Users\Reingalrt\AppData\Local\Microsoft\WindowsApps;C:\Users\Reingalrt\AppData\Local\Programs\Microsoft VS Code\bin;D:\NVPACK\android-sdk-windows;I:\flutterflutter\flutter\bin;G:\Program Files\Java\jdk1.8.0_161\bin;D:\NVPACK\android-sdk-windows\platform-tools;D:\NVPACK\android-sdk-windows\build-tools;I:\flutterflutter\flutter\bin\cache\dart-sdk\bin;C:\Users\Reingalrt\AppData\Roaming\Pub\Cache\bin;C:\Users\Reingalrt\AppData\Roaming\npm;C:\Users\Reingalrt\go\bin;C:\Program Files\MySQL\MySQL Server 8.0\bin;C:\SDL2\lib\x86;C:\SDL2\lib\x64;;G:\Program Files\JetBrains\IntelliJ IDEA 2020.3.3\bin;
USERNAME=Reingalrt
OS=Windows_NT
PROCESSOR_IDENTIFIER=Intel64 Family 6 Model 60 Stepping 3, GenuineIntel



---------------  S Y S T E M  ---------------

OS: Windows 10 , 64 bit Build 19041 (10.0.19041.804)

CPU:total 4 (initial active 4) (2 cores per cpu, 2 threads per core) family 6 model 60 stepping 3 microcode 0x27, cmov, cx8, fxsr, mmx, sse, sse2, sse3, ssse3, sse4.1, sse4.2, popcnt, avx, avx2, aes, clmul, erms, lzcnt, ht, tsc, tscinvbit, bmi1, bmi2, fma

Memory: 4k page, system-wide physical 16284M (6383M free)
TotalPageFile size 19052M (AvailPageFile size 5172M)
current process WorkingSet (physical memory assigned to process): 84M, peak: 86M
current process commit charge ("private bytes"): 382M, peak: 382M

vm_info: Java HotSpot(TM) 64-Bit Server VM (11.0.10+8-LTS-162) for windows-amd64 JRE (11.0.10+8-LTS-162), built on Dec  8 2020 16:32:57 by "mach5one" with MS VC++ 15.9 (VS2017)

END.
